{"numFailedTestSuites":7,"numFailedTests":10,"numPassedTestSuites":12,"numPassedTests":33,"numPendingTestSuites":0,"numPendingTests":0,"numRuntimeErrorTestSuites":0,"numTodoTests":0,"numTotalTestSuites":19,"numTotalTests":43,"openHandles":[],"snapshot":{"added":0,"didUpdate":false,"failure":false,"filesAdded":0,"filesRemoved":0,"filesRemovedList":[],"filesUnmatched":0,"filesUpdated":0,"matched":0,"total":0,"unchecked":0,"uncheckedKeysByFile":[],"unmatched":0,"updated":0},"startTime":1752069057097,"success":false,"testResults":[{"assertionResults":[{"ancestorTitles":[],"failureMessages":["Error: \u001b[2mexpect(\u001b[22m\u001b[31mreceived\u001b[39m\u001b[2m).\u001b[22mnot\u001b[2m.\u001b[22mtoThrowError\u001b[2m()\u001b[22m\n\nError name:    \u001b[31m\"TypeError\"\u001b[39m\nError message: \u001b[31m\"Cannot read properties of undefined (reading 'pathname')\"\u001b[39m\n\n    \u001b[0m \u001b[90m  8 |\u001b[39m   \u001b[36mconst\u001b[39m history \u001b[33m=\u001b[39m createMemoryHistory()\u001b[33m;\u001b[39m\n     \u001b[90m  9 |\u001b[39m   expect(() \u001b[33m=>\u001b[39m {\n    \u001b[31m\u001b[1m>\u001b[22m\u001b[39m\u001b[90m 10 |\u001b[39m     render(\n     \u001b[90m    |\u001b[39m           \u001b[31m\u001b[1m^\u001b[22m\u001b[39m\n     \u001b[90m 11 |\u001b[39m       \u001b[33m<\u001b[39m\u001b[33mRouter\u001b[39m history\u001b[33m=\u001b[39m{history}\u001b[33m>\u001b[39m\n     \u001b[90m 12 |\u001b[39m         \u001b[33m<\u001b[39m\u001b[33mSignInContainer\u001b[39m \u001b[33m/\u001b[39m\u001b[33m>\u001b[39m\n     \u001b[90m 13 |\u001b[39m       \u001b[33m<\u001b[39m\u001b[33m/\u001b[39m\u001b[33mRouter\u001b[39m\u001b[33m>\u001b[39m\u001b[0m\n\n      \u001b[2mat Router (\u001b[22mnode_modules/react-router/lib/components.tsx\u001b[2m:456:5)\u001b[22m\n      \u001b[2mat renderWithHooks (\u001b[22mnode_modules/react-dom/cjs/react-dom.development.js\u001b[2m:15486:18)\u001b[22m\n      \u001b[2mat mountIndeterminateComponent (\u001b[22mnode_modules/react-dom/cjs/react-dom.development.js\u001b[2m:20103:13)\u001b[22m\n      \u001b[2mat beginWork (\u001b[22mnode_modules/react-dom/cjs/react-dom.development.js\u001b[2m:21626:16)\u001b[22m\n      \u001b[2mat beginWork$1 (\u001b[22mnode_modules/react-dom/cjs/react-dom.development.js\u001b[2m:27465:14)\u001b[22m\n      \u001b[2mat performUnitOfWork (\u001b[22mnode_modules/react-dom/cjs/react-dom.development.js\u001b[2m:26599:12)\u001b[22m\n      \u001b[2mat workLoopSync (\u001b[22mnode_modules/react-dom/cjs/react-dom.development.js\u001b[2m:26505:5)\u001b[22m\n      \u001b[2mat renderRootSync (\u001b[22mnode_modules/react-dom/cjs/react-dom.development.js\u001b[2m:26473:7)\u001b[22m\n      \u001b[2mat recoverFromConcurrentError (\u001b[22mnode_modules/react-dom/cjs/react-dom.development.js\u001b[2m:25889:20)\u001b[22m\n      \u001b[2mat performConcurrentWorkOnRoot (\u001b[22mnode_modules/react-dom/cjs/react-dom.development.js\u001b[2m:25789:22)\u001b[22m\n      \u001b[2mat flushActQueue (\u001b[22mnode_modules/react/cjs/react.development.js\u001b[2m:2667:24)\u001b[22m\n      \u001b[2mat act (\u001b[22mnode_modules/react/cjs/react.development.js\u001b[2m:2582:11)\u001b[22m\n      \u001b[2mat actWithWarning (\u001b[22mnode_modules/react-dom/cjs/react-dom-test-utils.development.js\u001b[2m:1740:10)\u001b[22m\n      \u001b[2mat \u001b[22mnode_modules/@testing-library/react/dist/act-compat.js\u001b[2m:63:25\u001b[22m\n      \u001b[2mat renderRoot (\u001b[22mnode_modules/@testing-library/react/dist/pure.js\u001b[2m:159:26)\u001b[22m\n      \u001b[2mat render (\u001b[22mnode_modules/@testing-library/react/dist/pure.js\u001b[2m:246:10)\u001b[22m\n      \u001b[2mat \u001b[22msrc/Modules/Sign-In/__test__/SignInContainer.test.js\u001b[2m:10:11\u001b[22m\n      \u001b[2mat Object.<anonymous> (\u001b[22mnode_modules/expect/build/toThrowMatchers.js\u001b[2m:83:11)\u001b[22m\n      \u001b[2mat Object.toThrowError (\u001b[22mnode_modules/expect/build/index.js\u001b[2m:382:21)\u001b[22m\n      \u001b[2mat Object.<anonymous> (\u001b[22msrc/Modules/Sign-In/__test__/SignInContainer.test.js\u001b[2m:15:10)\u001b[22m\n    at Object.<anonymous> (C:\\git\\freshtrak-client\\src\\Modules\\Sign-In\\__test__\\SignInContainer.test.js:15:10)\n    at Promise.then.completed (C:\\git\\freshtrak-client\\node_modules\\jest-circus\\build\\utils.js:391:28)\n    at new Promise (<anonymous>)\n    at callAsyncCircusFn (C:\\git\\freshtrak-client\\node_modules\\jest-circus\\build\\utils.js:316:10)\n    at _callCircusTest (C:\\git\\freshtrak-client\\node_modules\\jest-circus\\build\\run.js:218:40)\n    at processTicksAndRejections (node:internal/process/task_queues:95:5)\n    at _runTest (C:\\git\\freshtrak-client\\node_modules\\jest-circus\\build\\run.js:155:3)\n    at _runTestsForDescribeBlock (C:\\git\\freshtrak-client\\node_modules\\jest-circus\\build\\run.js:66:9)\n    at run (C:\\git\\freshtrak-client\\node_modules\\jest-circus\\build\\run.js:25:3)\n    at runAndTransformResultsToJestFormat (C:\\git\\freshtrak-client\\node_modules\\jest-circus\\build\\legacy-code-todo-rewrite\\jestAdapterInit.js:170:21)\n    at jestAdapter (C:\\git\\freshtrak-client\\node_modules\\jest-circus\\build\\legacy-code-todo-rewrite\\jestAdapter.js:82:19)\n    at runTestInternal (C:\\git\\freshtrak-client\\node_modules\\jest-runner\\build\\runTest.js:389:16)\n    at runTest (C:\\git\\freshtrak-client\\node_modules\\jest-runner\\build\\runTest.js:475:34)\n    at Object.worker (C:\\git\\freshtrak-client\\node_modules\\jest-runner\\build\\testWorker.js:133:12)"],"fullName":"should render without errors","location":null,"status":"failed","title":"should render without errors"},{"ancestorTitles":[],"failureMessages":["TypeError: Cannot read properties of undefined (reading 'pathname')\n    at Router (C:\\git\\freshtrak-client\\node_modules\\react-router\\lib\\components.tsx:456:5)\n    at renderWithHooks (C:\\git\\freshtrak-client\\node_modules\\react-dom\\cjs\\react-dom.development.js:15486:18)\n    at mountIndeterminateComponent (C:\\git\\freshtrak-client\\node_modules\\react-dom\\cjs\\react-dom.development.js:20103:13)\n    at beginWork (C:\\git\\freshtrak-client\\node_modules\\react-dom\\cjs\\react-dom.development.js:21626:16)\n    at beginWork$1 (C:\\git\\freshtrak-client\\node_modules\\react-dom\\cjs\\react-dom.development.js:27465:14)\n    at performUnitOfWork (C:\\git\\freshtrak-client\\node_modules\\react-dom\\cjs\\react-dom.development.js:26599:12)\n    at workLoopSync (C:\\git\\freshtrak-client\\node_modules\\react-dom\\cjs\\react-dom.development.js:26505:5)\n    at renderRootSync (C:\\git\\freshtrak-client\\node_modules\\react-dom\\cjs\\react-dom.development.js:26473:7)\n    at recoverFromConcurrentError (C:\\git\\freshtrak-client\\node_modules\\react-dom\\cjs\\react-dom.development.js:25889:20)\n    at performConcurrentWorkOnRoot (C:\\git\\freshtrak-client\\node_modules\\react-dom\\cjs\\react-dom.development.js:25789:22)\n    at flushActQueue (C:\\git\\freshtrak-client\\node_modules\\react\\cjs\\react.development.js:2667:24)\n    at act (C:\\git\\freshtrak-client\\node_modules\\react\\cjs\\react.development.js:2582:11)\n    at actWithWarning (C:\\git\\freshtrak-client\\node_modules\\react-dom\\cjs\\react-dom-test-utils.development.js:1740:10)\n    at C:\\git\\freshtrak-client\\node_modules\\@testing-library\\react\\dist\\act-compat.js:63:25\n    at renderRoot (C:\\git\\freshtrak-client\\node_modules\\@testing-library\\react\\dist\\pure.js:159:26)\n    at render (C:\\git\\freshtrak-client\\node_modules\\@testing-library\\react\\dist\\pure.js:246:10)\n    at Object.<anonymous> (C:\\git\\freshtrak-client\\src\\Modules\\Sign-In\\__test__\\SignInContainer.test.js:20:44)\n    at Promise.then.completed (C:\\git\\freshtrak-client\\node_modules\\jest-circus\\build\\utils.js:391:28)\n    at new Promise (<anonymous>)\n    at callAsyncCircusFn (C:\\git\\freshtrak-client\\node_modules\\jest-circus\\build\\utils.js:316:10)\n    at _callCircusTest (C:\\git\\freshtrak-client\\node_modules\\jest-circus\\build\\run.js:218:40)\n    at processTicksAndRejections (node:internal/process/task_queues:95:5)\n    at _runTest (C:\\git\\freshtrak-client\\node_modules\\jest-circus\\build\\run.js:155:3)\n    at _runTestsForDescribeBlock (C:\\git\\freshtrak-client\\node_modules\\jest-circus\\build\\run.js:66:9)\n    at run (C:\\git\\freshtrak-client\\node_modules\\jest-circus\\build\\run.js:25:3)\n    at runAndTransformResultsToJestFormat (C:\\git\\freshtrak-client\\node_modules\\jest-circus\\build\\legacy-code-todo-rewrite\\jestAdapterInit.js:170:21)\n    at jestAdapter (C:\\git\\freshtrak-client\\node_modules\\jest-circus\\build\\legacy-code-todo-rewrite\\jestAdapter.js:82:19)\n    at runTestInternal (C:\\git\\freshtrak-client\\node_modules\\jest-runner\\build\\runTest.js:389:16)\n    at runTest (C:\\git\\freshtrak-client\\node_modules\\jest-runner\\build\\runTest.js:475:34)\n    at Object.worker (C:\\git\\freshtrak-client\\node_modules\\jest-runner\\build\\testWorker.js:133:12)"],"fullName":"should show 'Your password is required' if no password is submitted","location":null,"status":"failed","title":"should show 'Your password is required' if no password is submitted"}],"endTime":1752069077332,"message":"\u001b[1m\u001b[31m  \u001b[1m● \u001b[22m\u001b[1mshould render without errors\u001b[39m\u001b[22m\n\n    \u001b[2mexpect(\u001b[22m\u001b[31mreceived\u001b[39m\u001b[2m).\u001b[22mnot\u001b[2m.\u001b[22mtoThrowError\u001b[2m()\u001b[22m\n\n    Error name:    \u001b[31m\"TypeError\"\u001b[39m\n    Error message: \u001b[31m\"Cannot read properties of undefined (reading 'pathname')\"\u001b[39m\n\n        \u001b[0m \u001b[90m  8 |\u001b[39m   \u001b[36mconst\u001b[39m history \u001b[33m=\u001b[39m createMemoryHistory()\u001b[33m;\u001b[39m\n         \u001b[90m  9 |\u001b[39m   expect(() \u001b[33m=>\u001b[39m {\n        \u001b[31m\u001b[1m>\u001b[22m\u001b[39m\u001b[90m 10 |\u001b[39m     render(\n         \u001b[90m    |\u001b[39m           \u001b[31m\u001b[1m^\u001b[22m\u001b[39m\n         \u001b[90m 11 |\u001b[39m       \u001b[33m<\u001b[39m\u001b[33mRouter\u001b[39m history\u001b[33m=\u001b[39m{history}\u001b[33m>\u001b[39m\n         \u001b[90m 12 |\u001b[39m         \u001b[33m<\u001b[39m\u001b[33mSignInContainer\u001b[39m \u001b[33m/\u001b[39m\u001b[33m>\u001b[39m\n         \u001b[90m 13 |\u001b[39m       \u001b[33m<\u001b[39m\u001b[33m/\u001b[39m\u001b[33mRouter\u001b[39m\u001b[33m>\u001b[39m\u001b[0m\n\n          \u001b[2mat Router (\u001b[22mnode_modules/react-router/lib/components.tsx\u001b[2m:456:5)\u001b[22m\n          \u001b[2mat renderWithHooks (\u001b[22mnode_modules/react-dom/cjs/react-dom.development.js\u001b[2m:15486:18)\u001b[22m\n          \u001b[2mat mountIndeterminateComponent (\u001b[22mnode_modules/react-dom/cjs/react-dom.development.js\u001b[2m:20103:13)\u001b[22m\n          \u001b[2mat beginWork (\u001b[22mnode_modules/react-dom/cjs/react-dom.development.js\u001b[2m:21626:16)\u001b[22m\n          \u001b[2mat beginWork$1 (\u001b[22mnode_modules/react-dom/cjs/react-dom.development.js\u001b[2m:27465:14)\u001b[22m\n          \u001b[2mat performUnitOfWork (\u001b[22mnode_modules/react-dom/cjs/react-dom.development.js\u001b[2m:26599:12)\u001b[22m\n          \u001b[2mat workLoopSync (\u001b[22mnode_modules/react-dom/cjs/react-dom.development.js\u001b[2m:26505:5)\u001b[22m\n          \u001b[2mat renderRootSync (\u001b[22mnode_modules/react-dom/cjs/react-dom.development.js\u001b[2m:26473:7)\u001b[22m\n          \u001b[2mat recoverFromConcurrentError (\u001b[22mnode_modules/react-dom/cjs/react-dom.development.js\u001b[2m:25889:20)\u001b[22m\n          \u001b[2mat performConcurrentWorkOnRoot (\u001b[22mnode_modules/react-dom/cjs/react-dom.development.js\u001b[2m:25789:22)\u001b[22m\n          \u001b[2mat flushActQueue (\u001b[22mnode_modules/react/cjs/react.development.js\u001b[2m:2667:24)\u001b[22m\n          \u001b[2mat act (\u001b[22mnode_modules/react/cjs/react.development.js\u001b[2m:2582:11)\u001b[22m\n          \u001b[2mat actWithWarning (\u001b[22mnode_modules/react-dom/cjs/react-dom-test-utils.development.js\u001b[2m:1740:10)\u001b[22m\n          \u001b[2mat \u001b[22mnode_modules/@testing-library/react/dist/act-compat.js\u001b[2m:63:25\u001b[22m\n          \u001b[2mat renderRoot (\u001b[22mnode_modules/@testing-library/react/dist/pure.js\u001b[2m:159:26)\u001b[22m\n          \u001b[2mat render (\u001b[22mnode_modules/@testing-library/react/dist/pure.js\u001b[2m:246:10)\u001b[22m\n          \u001b[2mat \u001b[22msrc/Modules/Sign-In/__test__/SignInContainer.test.js\u001b[2m:10:11\u001b[22m\n          \u001b[2mat Object.<anonymous> (\u001b[22mnode_modules/expect/build/toThrowMatchers.js\u001b[2m:83:11)\u001b[22m\n          \u001b[2mat Object.toThrowError (\u001b[22mnode_modules/expect/build/index.js\u001b[2m:382:21)\u001b[22m\n          \u001b[2mat Object.<anonymous> (\u001b[22msrc/Modules/Sign-In/__test__/SignInContainer.test.js\u001b[2m:15:10)\u001b[22m\n\u001b[2m\u001b[22m\n\u001b[2m    \u001b[0m \u001b[90m 13 |\u001b[39m       \u001b[33m<\u001b[39m\u001b[33m/\u001b[39m\u001b[33mRouter\u001b[39m\u001b[33m>\u001b[39m\u001b[22m\n\u001b[2m     \u001b[90m 14 |\u001b[39m     )\u001b[33m;\u001b[39m\u001b[22m\n\u001b[2m    \u001b[31m\u001b[1m>\u001b[22m\u001b[2m\u001b[39m\u001b[90m 15 |\u001b[39m   })\u001b[33m.\u001b[39mnot\u001b[33m.\u001b[39mtoThrowError()\u001b[33m;\u001b[39m\u001b[22m\n\u001b[2m     \u001b[90m    |\u001b[39m          \u001b[31m\u001b[1m^\u001b[22m\u001b[2m\u001b[39m\u001b[22m\n\u001b[2m     \u001b[90m 16 |\u001b[39m })\u001b[33m;\u001b[39m\u001b[22m\n\u001b[2m     \u001b[90m 17 |\u001b[39m\u001b[22m\n\u001b[2m     \u001b[90m 18 |\u001b[39m test(\u001b[32m`should show 'Your password is required' if no password is submitted`\u001b[39m\u001b[33m,\u001b[39m \u001b[36masync\u001b[39m () \u001b[33m=>\u001b[39m {\u001b[0m\u001b[22m\n\u001b[2m\u001b[22m\n\u001b[2m      \u001b[2mat Object.<anonymous> (\u001b[22m\u001b[2m\u001b[0m\u001b[36msrc/Modules/Sign-In/__test__/SignInContainer.test.js\u001b[39m\u001b[0m\u001b[2m:15:10)\u001b[22m\u001b[2m\u001b[22m\n\n\u001b[1m\u001b[31m  \u001b[1m● \u001b[22m\u001b[1mshould show 'Your password is required' if no password is submitted\u001b[39m\u001b[22m\n\n    TypeError: Cannot read properties of undefined (reading 'pathname')\n\u001b[2m\u001b[22m\n\u001b[2m    \u001b[0m \u001b[90m 18 |\u001b[39m test(\u001b[32m`should show 'Your password is required' if no password is submitted`\u001b[39m\u001b[33m,\u001b[39m \u001b[36masync\u001b[39m () \u001b[33m=>\u001b[39m {\u001b[22m\n\u001b[2m     \u001b[90m 19 |\u001b[39m   \u001b[36mconst\u001b[39m history \u001b[33m=\u001b[39m createMemoryHistory()\u001b[33m;\u001b[39m\u001b[22m\n\u001b[2m    \u001b[31m\u001b[1m>\u001b[22m\u001b[2m\u001b[39m\u001b[90m 20 |\u001b[39m   \u001b[36mconst\u001b[39m { getByTestId\u001b[33m,\u001b[39m getByText } \u001b[33m=\u001b[39m render(\u001b[22m\n\u001b[2m     \u001b[90m    |\u001b[39m                                            \u001b[31m\u001b[1m^\u001b[22m\u001b[2m\u001b[39m\u001b[22m\n\u001b[2m     \u001b[90m 21 |\u001b[39m     \u001b[33m<\u001b[39m\u001b[33mRouter\u001b[39m history\u001b[33m=\u001b[39m{history}\u001b[33m>\u001b[39m\u001b[22m\n\u001b[2m     \u001b[90m 22 |\u001b[39m       \u001b[33m<\u001b[39m\u001b[33mSignInContainer\u001b[39m \u001b[33m/\u001b[39m\u001b[33m>\u001b[39m\u001b[22m\n\u001b[2m     \u001b[90m 23 |\u001b[39m     \u001b[33m<\u001b[39m\u001b[33m/\u001b[39m\u001b[33mRouter\u001b[39m\u001b[33m>\u001b[39m\u001b[0m\u001b[22m\n\u001b[2m\u001b[22m\n\u001b[2m      \u001b[2mat Router (\u001b[22m\u001b[2mnode_modules/react-router/lib/components.tsx\u001b[2m:456:5)\u001b[22m\u001b[2m\u001b[22m\n\u001b[2m      \u001b[2mat renderWithHooks (\u001b[22m\u001b[2mnode_modules/react-dom/cjs/react-dom.development.js\u001b[2m:15486:18)\u001b[22m\u001b[2m\u001b[22m\n\u001b[2m      \u001b[2mat mountIndeterminateComponent (\u001b[22m\u001b[2mnode_modules/react-dom/cjs/react-dom.development.js\u001b[2m:20103:13)\u001b[22m\u001b[2m\u001b[22m\n\u001b[2m      \u001b[2mat beginWork (\u001b[22m\u001b[2mnode_modules/react-dom/cjs/react-dom.development.js\u001b[2m:21626:16)\u001b[22m\u001b[2m\u001b[22m\n\u001b[2m      \u001b[2mat beginWork$1 (\u001b[22m\u001b[2mnode_modules/react-dom/cjs/react-dom.development.js\u001b[2m:27465:14)\u001b[22m\u001b[2m\u001b[22m\n\u001b[2m      \u001b[2mat performUnitOfWork (\u001b[22m\u001b[2mnode_modules/react-dom/cjs/react-dom.development.js\u001b[2m:26599:12)\u001b[22m\u001b[2m\u001b[22m\n\u001b[2m      \u001b[2mat workLoopSync (\u001b[22m\u001b[2mnode_modules/react-dom/cjs/react-dom.development.js\u001b[2m:26505:5)\u001b[22m\u001b[2m\u001b[22m\n\u001b[2m      \u001b[2mat renderRootSync (\u001b[22m\u001b[2mnode_modules/react-dom/cjs/react-dom.development.js\u001b[2m:26473:7)\u001b[22m\u001b[2m\u001b[22m\n\u001b[2m      \u001b[2mat recoverFromConcurrentError (\u001b[22m\u001b[2mnode_modules/react-dom/cjs/react-dom.development.js\u001b[2m:25889:20)\u001b[22m\u001b[2m\u001b[22m\n\u001b[2m      \u001b[2mat performConcurrentWorkOnRoot (\u001b[22m\u001b[2mnode_modules/react-dom/cjs/react-dom.development.js\u001b[2m:25789:22)\u001b[22m\u001b[2m\u001b[22m\n\u001b[2m      \u001b[2mat flushActQueue (\u001b[22m\u001b[2mnode_modules/react/cjs/react.development.js\u001b[2m:2667:24)\u001b[22m\u001b[2m\u001b[22m\n\u001b[2m      \u001b[2mat act (\u001b[22m\u001b[2mnode_modules/react/cjs/react.development.js\u001b[2m:2582:11)\u001b[22m\u001b[2m\u001b[22m\n\u001b[2m      \u001b[2mat actWithWarning (\u001b[22m\u001b[2mnode_modules/react-dom/cjs/react-dom-test-utils.development.js\u001b[2m:1740:10)\u001b[22m\u001b[2m\u001b[22m\n\u001b[2m      \u001b[2mat \u001b[22m\u001b[2mnode_modules/@testing-library/react/dist/act-compat.js\u001b[2m:63:25\u001b[22m\u001b[2m\u001b[22m\n\u001b[2m      \u001b[2mat renderRoot (\u001b[22m\u001b[2mnode_modules/@testing-library/react/dist/pure.js\u001b[2m:159:26)\u001b[22m\u001b[2m\u001b[22m\n\u001b[2m      \u001b[2mat render (\u001b[22m\u001b[2mnode_modules/@testing-library/react/dist/pure.js\u001b[2m:246:10)\u001b[22m\u001b[2m\u001b[22m\n\u001b[2m      \u001b[2mat Object.<anonymous> (\u001b[22m\u001b[2m\u001b[0m\u001b[36msrc/Modules/Sign-In/__test__/SignInContainer.test.js\u001b[39m\u001b[0m\u001b[2m:20:44)\u001b[22m\u001b[2m\u001b[22m\n","name":"C:\\git\\freshtrak-client\\src\\Modules\\Sign-In\\__test__\\SignInContainer.test.js","startTime":1752069066394,"status":"failed","summary":""},{"assertionResults":[{"ancestorTitles":[],"failureMessages":["Error: \u001b[2mexpect(\u001b[22m\u001b[31mreceived\u001b[39m\u001b[2m).\u001b[22mnot\u001b[2m.\u001b[22mtoThrowError\u001b[2m()\u001b[22m\n\nError name:    \u001b[31m\"Error\"\u001b[39m\nError message: \u001b[31m\"You cannot render a <Router> inside another <Router>. You should never have more than one in your app.\"\u001b[39m\n\n    \u001b[0m \u001b[90m 11 |\u001b[39m   expect(() \u001b[33m=>\u001b[39m {\n     \u001b[90m 12 |\u001b[39m     \u001b[36mconst\u001b[39m store \u001b[33m=\u001b[39m mockStore({ language\u001b[33m:\u001b[39m {}\u001b[33m,\u001b[39m addressSearch\u001b[33m:\u001b[39m { zipCode\u001b[33m:\u001b[39m \u001b[32m''\u001b[39m } })\u001b[33m;\u001b[39m\n    \u001b[31m\u001b[1m>\u001b[22m\u001b[39m\u001b[90m 13 |\u001b[39m     render(\n     \u001b[90m    |\u001b[39m           \u001b[31m\u001b[1m^\u001b[22m\u001b[39m\n     \u001b[90m 14 |\u001b[39m     \u001b[33m<\u001b[39m\u001b[33mRouter\u001b[39m\u001b[33m>\u001b[39m\n     \u001b[90m 15 |\u001b[39m       \u001b[33m<\u001b[39m\u001b[33mProvider\u001b[39m store\u001b[33m=\u001b[39m{store}\u001b[33m>\u001b[39m\n     \u001b[90m 16 |\u001b[39m         \u001b[33m<\u001b[39m\u001b[33mApp\u001b[39m \u001b[33m/\u001b[39m\u001b[33m>\u001b[39m\u001b[0m\n\n      \u001b[2mat Object.invariant [as UNSAFE_invariant] (\u001b[22mnode_modules/@remix-run/router/history.ts\u001b[2m:494:11)\u001b[22m\n      \u001b[2mat Router (\u001b[22mnode_modules/react-router/lib/components.tsx\u001b[2m:429:3)\u001b[22m\n      \u001b[2mat renderWithHooks (\u001b[22mnode_modules/react-dom/cjs/react-dom.development.js\u001b[2m:15486:18)\u001b[22m\n      \u001b[2mat mountIndeterminateComponent (\u001b[22mnode_modules/react-dom/cjs/react-dom.development.js\u001b[2m:20103:13)\u001b[22m\n      \u001b[2mat beginWork (\u001b[22mnode_modules/react-dom/cjs/react-dom.development.js\u001b[2m:21626:16)\u001b[22m\n      \u001b[2mat beginWork$1 (\u001b[22mnode_modules/react-dom/cjs/react-dom.development.js\u001b[2m:27465:14)\u001b[22m\n      \u001b[2mat performUnitOfWork (\u001b[22mnode_modules/react-dom/cjs/react-dom.development.js\u001b[2m:26599:12)\u001b[22m\n      \u001b[2mat workLoopSync (\u001b[22mnode_modules/react-dom/cjs/react-dom.development.js\u001b[2m:26505:5)\u001b[22m\n      \u001b[2mat renderRootSync (\u001b[22mnode_modules/react-dom/cjs/react-dom.development.js\u001b[2m:26473:7)\u001b[22m\n      \u001b[2mat recoverFromConcurrentError (\u001b[22mnode_modules/react-dom/cjs/react-dom.development.js\u001b[2m:25889:20)\u001b[22m\n      \u001b[2mat performConcurrentWorkOnRoot (\u001b[22mnode_modules/react-dom/cjs/react-dom.development.js\u001b[2m:25789:22)\u001b[22m\n      \u001b[2mat flushActQueue (\u001b[22mnode_modules/react/cjs/react.development.js\u001b[2m:2667:24)\u001b[22m\n      \u001b[2mat act (\u001b[22mnode_modules/react/cjs/react.development.js\u001b[2m:2582:11)\u001b[22m\n      \u001b[2mat actWithWarning (\u001b[22mnode_modules/react-dom/cjs/react-dom-test-utils.development.js\u001b[2m:1740:10)\u001b[22m\n      \u001b[2mat \u001b[22mnode_modules/@testing-library/react/dist/act-compat.js\u001b[2m:63:25\u001b[22m\n      \u001b[2mat renderRoot (\u001b[22mnode_modules/@testing-library/react/dist/pure.js\u001b[2m:159:26)\u001b[22m\n      \u001b[2mat render (\u001b[22mnode_modules/@testing-library/react/dist/pure.js\u001b[2m:246:10)\u001b[22m\n      \u001b[2mat \u001b[22msrc/App.test.js\u001b[2m:13:11\u001b[22m\n      \u001b[2mat Object.<anonymous> (\u001b[22mnode_modules/expect/build/toThrowMatchers.js\u001b[2m:83:11)\u001b[22m\n      \u001b[2mat Object.toThrowError (\u001b[22mnode_modules/expect/build/index.js\u001b[2m:382:21)\u001b[22m\n      \u001b[2mat Object.<anonymous> (\u001b[22msrc/App.test.js\u001b[2m:20:10)\u001b[22m\n    at Object.<anonymous> (C:\\git\\freshtrak-client\\src\\App.test.js:20:10)\n    at Promise.then.completed (C:\\git\\freshtrak-client\\node_modules\\jest-circus\\build\\utils.js:391:28)\n    at new Promise (<anonymous>)\n    at callAsyncCircusFn (C:\\git\\freshtrak-client\\node_modules\\jest-circus\\build\\utils.js:316:10)\n    at _callCircusTest (C:\\git\\freshtrak-client\\node_modules\\jest-circus\\build\\run.js:218:40)\n    at processTicksAndRejections (node:internal/process/task_queues:95:5)\n    at _runTest (C:\\git\\freshtrak-client\\node_modules\\jest-circus\\build\\run.js:155:3)\n    at _runTestsForDescribeBlock (C:\\git\\freshtrak-client\\node_modules\\jest-circus\\build\\run.js:66:9)\n    at run (C:\\git\\freshtrak-client\\node_modules\\jest-circus\\build\\run.js:25:3)\n    at runAndTransformResultsToJestFormat (C:\\git\\freshtrak-client\\node_modules\\jest-circus\\build\\legacy-code-todo-rewrite\\jestAdapterInit.js:170:21)\n    at jestAdapter (C:\\git\\freshtrak-client\\node_modules\\jest-circus\\build\\legacy-code-todo-rewrite\\jestAdapter.js:82:19)\n    at runTestInternal (C:\\git\\freshtrak-client\\node_modules\\jest-runner\\build\\runTest.js:389:16)\n    at runTest (C:\\git\\freshtrak-client\\node_modules\\jest-runner\\build\\runTest.js:475:34)\n    at Object.worker (C:\\git\\freshtrak-client\\node_modules\\jest-runner\\build\\testWorker.js:133:12)"],"fullName":"renders without crashing","location":null,"status":"failed","title":"renders without crashing"}],"endTime":1752069078008,"message":"\u001b[1m\u001b[31m  \u001b[1m● \u001b[22m\u001b[1mrenders without crashing\u001b[39m\u001b[22m\n\n    \u001b[2mexpect(\u001b[22m\u001b[31mreceived\u001b[39m\u001b[2m).\u001b[22mnot\u001b[2m.\u001b[22mtoThrowError\u001b[2m()\u001b[22m\n\n    Error name:    \u001b[31m\"Error\"\u001b[39m\n    Error message: \u001b[31m\"You cannot render a <Router> inside another <Router>. You should never have more than one in your app.\"\u001b[39m\n\n        \u001b[0m \u001b[90m 11 |\u001b[39m   expect(() \u001b[33m=>\u001b[39m {\n         \u001b[90m 12 |\u001b[39m     \u001b[36mconst\u001b[39m store \u001b[33m=\u001b[39m mockStore({ language\u001b[33m:\u001b[39m {}\u001b[33m,\u001b[39m addressSearch\u001b[33m:\u001b[39m { zipCode\u001b[33m:\u001b[39m \u001b[32m''\u001b[39m } })\u001b[33m;\u001b[39m\n        \u001b[31m\u001b[1m>\u001b[22m\u001b[39m\u001b[90m 13 |\u001b[39m     render(\n         \u001b[90m    |\u001b[39m           \u001b[31m\u001b[1m^\u001b[22m\u001b[39m\n         \u001b[90m 14 |\u001b[39m     \u001b[33m<\u001b[39m\u001b[33mRouter\u001b[39m\u001b[33m>\u001b[39m\n         \u001b[90m 15 |\u001b[39m       \u001b[33m<\u001b[39m\u001b[33mProvider\u001b[39m store\u001b[33m=\u001b[39m{store}\u001b[33m>\u001b[39m\n         \u001b[90m 16 |\u001b[39m         \u001b[33m<\u001b[39m\u001b[33mApp\u001b[39m \u001b[33m/\u001b[39m\u001b[33m>\u001b[39m\u001b[0m\n\n          \u001b[2mat Object.invariant [as UNSAFE_invariant] (\u001b[22mnode_modules/@remix-run/router/history.ts\u001b[2m:494:11)\u001b[22m\n          \u001b[2mat Router (\u001b[22mnode_modules/react-router/lib/components.tsx\u001b[2m:429:3)\u001b[22m\n          \u001b[2mat renderWithHooks (\u001b[22mnode_modules/react-dom/cjs/react-dom.development.js\u001b[2m:15486:18)\u001b[22m\n          \u001b[2mat mountIndeterminateComponent (\u001b[22mnode_modules/react-dom/cjs/react-dom.development.js\u001b[2m:20103:13)\u001b[22m\n          \u001b[2mat beginWork (\u001b[22mnode_modules/react-dom/cjs/react-dom.development.js\u001b[2m:21626:16)\u001b[22m\n          \u001b[2mat beginWork$1 (\u001b[22mnode_modules/react-dom/cjs/react-dom.development.js\u001b[2m:27465:14)\u001b[22m\n          \u001b[2mat performUnitOfWork (\u001b[22mnode_modules/react-dom/cjs/react-dom.development.js\u001b[2m:26599:12)\u001b[22m\n          \u001b[2mat workLoopSync (\u001b[22mnode_modules/react-dom/cjs/react-dom.development.js\u001b[2m:26505:5)\u001b[22m\n          \u001b[2mat renderRootSync (\u001b[22mnode_modules/react-dom/cjs/react-dom.development.js\u001b[2m:26473:7)\u001b[22m\n          \u001b[2mat recoverFromConcurrentError (\u001b[22mnode_modules/react-dom/cjs/react-dom.development.js\u001b[2m:25889:20)\u001b[22m\n          \u001b[2mat performConcurrentWorkOnRoot (\u001b[22mnode_modules/react-dom/cjs/react-dom.development.js\u001b[2m:25789:22)\u001b[22m\n          \u001b[2mat flushActQueue (\u001b[22mnode_modules/react/cjs/react.development.js\u001b[2m:2667:24)\u001b[22m\n          \u001b[2mat act (\u001b[22mnode_modules/react/cjs/react.development.js\u001b[2m:2582:11)\u001b[22m\n          \u001b[2mat actWithWarning (\u001b[22mnode_modules/react-dom/cjs/react-dom-test-utils.development.js\u001b[2m:1740:10)\u001b[22m\n          \u001b[2mat \u001b[22mnode_modules/@testing-library/react/dist/act-compat.js\u001b[2m:63:25\u001b[22m\n          \u001b[2mat renderRoot (\u001b[22mnode_modules/@testing-library/react/dist/pure.js\u001b[2m:159:26)\u001b[22m\n          \u001b[2mat render (\u001b[22mnode_modules/@testing-library/react/dist/pure.js\u001b[2m:246:10)\u001b[22m\n          \u001b[2mat \u001b[22msrc/App.test.js\u001b[2m:13:11\u001b[22m\n          \u001b[2mat Object.<anonymous> (\u001b[22mnode_modules/expect/build/toThrowMatchers.js\u001b[2m:83:11)\u001b[22m\n          \u001b[2mat Object.toThrowError (\u001b[22mnode_modules/expect/build/index.js\u001b[2m:382:21)\u001b[22m\n          \u001b[2mat Object.<anonymous> (\u001b[22msrc/App.test.js\u001b[2m:20:10)\u001b[22m\n\u001b[2m\u001b[22m\n\u001b[2m    \u001b[0m \u001b[90m 18 |\u001b[39m     \u001b[33m<\u001b[39m\u001b[33m/\u001b[39m\u001b[33mRouter\u001b[39m\u001b[33m>\u001b[39m\u001b[22m\n\u001b[2m     \u001b[90m 19 |\u001b[39m     )\u001b[33m;\u001b[39m\u001b[22m\n\u001b[2m    \u001b[31m\u001b[1m>\u001b[22m\u001b[2m\u001b[39m\u001b[90m 20 |\u001b[39m   })\u001b[33m.\u001b[39mnot\u001b[33m.\u001b[39mtoThrowError()\u001b[33m;\u001b[39m\u001b[22m\n\u001b[2m     \u001b[90m    |\u001b[39m          \u001b[31m\u001b[1m^\u001b[22m\u001b[2m\u001b[39m\u001b[22m\n\u001b[2m     \u001b[90m 21 |\u001b[39m })\u001b[33m;\u001b[39m\u001b[22m\n\u001b[2m     \u001b[90m 22 |\u001b[39m\u001b[0m\u001b[22m\n\u001b[2m\u001b[22m\n\u001b[2m      \u001b[2mat Object.<anonymous> (\u001b[22m\u001b[2m\u001b[0m\u001b[36msrc/App.test.js\u001b[39m\u001b[0m\u001b[2m:20:10)\u001b[22m\u001b[2m\u001b[22m\n","name":"C:\\git\\freshtrak-client\\src\\App.test.js","startTime":1752069066525,"status":"failed","summary":""},{"assertionResults":[{"ancestorTitles":[],"failureMessages":["Error: \u001b[2mexpect(\u001b[22m\u001b[31mreceived\u001b[39m\u001b[2m).\u001b[22mnot\u001b[2m.\u001b[22mtoThrowError\u001b[2m()\u001b[22m\n\nError name:    \u001b[31m\"TypeError\"\u001b[39m\nError message: \u001b[31m\"Cannot read properties of undefined (reading 'city')\"\u001b[39m\n\n    \u001b[0m \u001b[90m 126 |\u001b[39m           \u001b[33m<\u001b[39m\u001b[33minput\u001b[39m\n     \u001b[90m 127 |\u001b[39m             type\u001b[33m=\u001b[39m\u001b[32m\"text\"\u001b[39m\n    \u001b[31m\u001b[1m>\u001b[22m\u001b[39m\u001b[90m 128 |\u001b[39m             className\u001b[33m=\u001b[39m {\u001b[32m`form-control ${errors.city && 'invalid'}`\u001b[39m}\n     \u001b[90m     |\u001b[39m                                                \u001b[31m\u001b[1m^\u001b[22m\u001b[39m\n     \u001b[90m 129 |\u001b[39m             name\u001b[33m=\u001b[39m\u001b[32m\"city\"\u001b[39m\n     \u001b[90m 130 |\u001b[39m             id\u001b[33m=\u001b[39m\u001b[32m\"city\"\u001b[39m\n     \u001b[90m 131 |\u001b[39m             defaultValue\u001b[33m=\u001b[39m{cityName}\u001b[0m\n\n      \u001b[2mat \u001b[22msrc/Modules/Family/AddressComponent.js\u001b[2m:128:48\u001b[22m\n      \u001b[2mat renderWithHooks (\u001b[22mnode_modules/react-dom/cjs/react-dom.development.js\u001b[2m:15486:18)\u001b[22m\n      \u001b[2mat updateForwardRef (\u001b[22mnode_modules/react-dom/cjs/react-dom.development.js\u001b[2m:19245:20)\u001b[22m\n      \u001b[2mat beginWork (\u001b[22mnode_modules/react-dom/cjs/react-dom.development.js\u001b[2m:21675:16)\u001b[22m\n      \u001b[2mat beginWork$1 (\u001b[22mnode_modules/react-dom/cjs/react-dom.development.js\u001b[2m:27465:14)\u001b[22m\n      \u001b[2mat performUnitOfWork (\u001b[22mnode_modules/react-dom/cjs/react-dom.development.js\u001b[2m:26599:12)\u001b[22m\n      \u001b[2mat workLoopSync (\u001b[22mnode_modules/react-dom/cjs/react-dom.development.js\u001b[2m:26505:5)\u001b[22m\n      \u001b[2mat renderRootSync (\u001b[22mnode_modules/react-dom/cjs/react-dom.development.js\u001b[2m:26473:7)\u001b[22m\n      \u001b[2mat recoverFromConcurrentError (\u001b[22mnode_modules/react-dom/cjs/react-dom.development.js\u001b[2m:25889:20)\u001b[22m\n      \u001b[2mat performConcurrentWorkOnRoot (\u001b[22mnode_modules/react-dom/cjs/react-dom.development.js\u001b[2m:25789:22)\u001b[22m\n      \u001b[2mat flushActQueue (\u001b[22mnode_modules/react/cjs/react.development.js\u001b[2m:2667:24)\u001b[22m\n      \u001b[2mat act (\u001b[22mnode_modules/react/cjs/react.development.js\u001b[2m:2582:11)\u001b[22m\n      \u001b[2mat actWithWarning (\u001b[22mnode_modules/react-dom/cjs/react-dom-test-utils.development.js\u001b[2m:1740:10)\u001b[22m\n      \u001b[2mat \u001b[22mnode_modules/@testing-library/react/dist/act-compat.js\u001b[2m:63:25\u001b[22m\n      \u001b[2mat renderRoot (\u001b[22mnode_modules/@testing-library/react/dist/pure.js\u001b[2m:159:26)\u001b[22m\n      \u001b[2mat render (\u001b[22mnode_modules/@testing-library/react/dist/pure.js\u001b[2m:246:10)\u001b[22m\n      \u001b[2mat \u001b[22msrc/Modules/Family/__test__/familyContainer.test.js\u001b[2m:51:9\u001b[22m\n      \u001b[2mat Object.<anonymous> (\u001b[22mnode_modules/expect/build/toThrowMatchers.js\u001b[2m:83:11)\u001b[22m\n      \u001b[2mat Object.toThrowError (\u001b[22mnode_modules/expect/build/index.js\u001b[2m:382:21)\u001b[22m\n      \u001b[2mat Object.<anonymous> (\u001b[22msrc/Modules/Family/__test__/familyContainer.test.js\u001b[2m:58:9)\u001b[22m\n    at Object.<anonymous> (C:\\git\\freshtrak-client\\src\\Modules\\Family\\__test__\\familyContainer.test.js:58:9)\n    at Promise.then.completed (C:\\git\\freshtrak-client\\node_modules\\jest-circus\\build\\utils.js:391:28)\n    at new Promise (<anonymous>)\n    at callAsyncCircusFn (C:\\git\\freshtrak-client\\node_modules\\jest-circus\\build\\utils.js:316:10)\n    at _callCircusTest (C:\\git\\freshtrak-client\\node_modules\\jest-circus\\build\\run.js:218:40)\n    at processTicksAndRejections (node:internal/process/task_queues:95:5)\n    at _runTest (C:\\git\\freshtrak-client\\node_modules\\jest-circus\\build\\run.js:155:3)\n    at _runTestsForDescribeBlock (C:\\git\\freshtrak-client\\node_modules\\jest-circus\\build\\run.js:66:9)\n    at run (C:\\git\\freshtrak-client\\node_modules\\jest-circus\\build\\run.js:25:3)\n    at runAndTransformResultsToJestFormat (C:\\git\\freshtrak-client\\node_modules\\jest-circus\\build\\legacy-code-todo-rewrite\\jestAdapterInit.js:170:21)\n    at jestAdapter (C:\\git\\freshtrak-client\\node_modules\\jest-circus\\build\\legacy-code-todo-rewrite\\jestAdapter.js:82:19)\n    at runTestInternal (C:\\git\\freshtrak-client\\node_modules\\jest-runner\\build\\runTest.js:389:16)\n    at runTest (C:\\git\\freshtrak-client\\node_modules\\jest-runner\\build\\runTest.js:475:34)\n    at Object.worker (C:\\git\\freshtrak-client\\node_modules\\jest-runner\\build\\testWorker.js:133:12)"],"fullName":"it should render without errors","location":null,"status":"failed","title":"it should render without errors"}],"endTime":1752069078810,"message":"\u001b[1m\u001b[31m  \u001b[1m● \u001b[22m\u001b[1mit should render without errors\u001b[39m\u001b[22m\n\n    \u001b[2mexpect(\u001b[22m\u001b[31mreceived\u001b[39m\u001b[2m).\u001b[22mnot\u001b[2m.\u001b[22mtoThrowError\u001b[2m()\u001b[22m\n\n    Error name:    \u001b[31m\"TypeError\"\u001b[39m\n    Error message: \u001b[31m\"Cannot read properties of undefined (reading 'city')\"\u001b[39m\n\n        \u001b[0m \u001b[90m 126 |\u001b[39m           \u001b[33m<\u001b[39m\u001b[33minput\u001b[39m\n         \u001b[90m 127 |\u001b[39m             type\u001b[33m=\u001b[39m\u001b[32m\"text\"\u001b[39m\n        \u001b[31m\u001b[1m>\u001b[22m\u001b[39m\u001b[90m 128 |\u001b[39m             className\u001b[33m=\u001b[39m {\u001b[32m`form-control ${errors.city && 'invalid'}`\u001b[39m}\n         \u001b[90m     |\u001b[39m                                                \u001b[31m\u001b[1m^\u001b[22m\u001b[39m\n         \u001b[90m 129 |\u001b[39m             name\u001b[33m=\u001b[39m\u001b[32m\"city\"\u001b[39m\n         \u001b[90m 130 |\u001b[39m             id\u001b[33m=\u001b[39m\u001b[32m\"city\"\u001b[39m\n         \u001b[90m 131 |\u001b[39m             defaultValue\u001b[33m=\u001b[39m{cityName}\u001b[0m\n\n          \u001b[2mat \u001b[22msrc/Modules/Family/AddressComponent.js\u001b[2m:128:48\u001b[22m\n          \u001b[2mat renderWithHooks (\u001b[22mnode_modules/react-dom/cjs/react-dom.development.js\u001b[2m:15486:18)\u001b[22m\n          \u001b[2mat updateForwardRef (\u001b[22mnode_modules/react-dom/cjs/react-dom.development.js\u001b[2m:19245:20)\u001b[22m\n          \u001b[2mat beginWork (\u001b[22mnode_modules/react-dom/cjs/react-dom.development.js\u001b[2m:21675:16)\u001b[22m\n          \u001b[2mat beginWork$1 (\u001b[22mnode_modules/react-dom/cjs/react-dom.development.js\u001b[2m:27465:14)\u001b[22m\n          \u001b[2mat performUnitOfWork (\u001b[22mnode_modules/react-dom/cjs/react-dom.development.js\u001b[2m:26599:12)\u001b[22m\n          \u001b[2mat workLoopSync (\u001b[22mnode_modules/react-dom/cjs/react-dom.development.js\u001b[2m:26505:5)\u001b[22m\n          \u001b[2mat renderRootSync (\u001b[22mnode_modules/react-dom/cjs/react-dom.development.js\u001b[2m:26473:7)\u001b[22m\n          \u001b[2mat recoverFromConcurrentError (\u001b[22mnode_modules/react-dom/cjs/react-dom.development.js\u001b[2m:25889:20)\u001b[22m\n          \u001b[2mat performConcurrentWorkOnRoot (\u001b[22mnode_modules/react-dom/cjs/react-dom.development.js\u001b[2m:25789:22)\u001b[22m\n          \u001b[2mat flushActQueue (\u001b[22mnode_modules/react/cjs/react.development.js\u001b[2m:2667:24)\u001b[22m\n          \u001b[2mat act (\u001b[22mnode_modules/react/cjs/react.development.js\u001b[2m:2582:11)\u001b[22m\n          \u001b[2mat actWithWarning (\u001b[22mnode_modules/react-dom/cjs/react-dom-test-utils.development.js\u001b[2m:1740:10)\u001b[22m\n          \u001b[2mat \u001b[22mnode_modules/@testing-library/react/dist/act-compat.js\u001b[2m:63:25\u001b[22m\n          \u001b[2mat renderRoot (\u001b[22mnode_modules/@testing-library/react/dist/pure.js\u001b[2m:159:26)\u001b[22m\n          \u001b[2mat render (\u001b[22mnode_modules/@testing-library/react/dist/pure.js\u001b[2m:246:10)\u001b[22m\n          \u001b[2mat \u001b[22msrc/Modules/Family/__test__/familyContainer.test.js\u001b[2m:51:9\u001b[22m\n          \u001b[2mat Object.<anonymous> (\u001b[22mnode_modules/expect/build/toThrowMatchers.js\u001b[2m:83:11)\u001b[22m\n          \u001b[2mat Object.toThrowError (\u001b[22mnode_modules/expect/build/index.js\u001b[2m:382:21)\u001b[22m\n          \u001b[2mat Object.<anonymous> (\u001b[22msrc/Modules/Family/__test__/familyContainer.test.js\u001b[2m:58:9)\u001b[22m\n\u001b[2m\u001b[22m\n\u001b[2m    \u001b[0m \u001b[90m 56 |\u001b[39m \t\t\t\u001b[33m<\u001b[39m\u001b[33m/\u001b[39m\u001b[33mProvider\u001b[39m\u001b[33m>\u001b[39m\u001b[22m\n\u001b[2m     \u001b[90m 57 |\u001b[39m \t\t)\u001b[33m;\u001b[39m\u001b[22m\n\u001b[2m    \u001b[31m\u001b[1m>\u001b[22m\u001b[2m\u001b[39m\u001b[90m 58 |\u001b[39m \t})\u001b[33m.\u001b[39mnot\u001b[33m.\u001b[39mtoThrowError()\u001b[33m;\u001b[39m\u001b[22m\n\u001b[2m     \u001b[90m    |\u001b[39m \t       \u001b[31m\u001b[1m^\u001b[22m\u001b[2m\u001b[39m\u001b[22m\n\u001b[2m     \u001b[90m 59 |\u001b[39m })\u001b[33m;\u001b[39m\u001b[22m\n\u001b[2m     \u001b[90m 60 |\u001b[39m\u001b[22m\n\u001b[2m     \u001b[90m 61 |\u001b[39m \u001b[90m// test(`should show to click 'No Phone Available' if no phone available is not clicked and nothing is in the phone number`, async () => {\u001b[39m\u001b[0m\u001b[22m\n\u001b[2m\u001b[22m\n\u001b[2m      \u001b[2mat Object.<anonymous> (\u001b[22m\u001b[2m\u001b[0m\u001b[36msrc/Modules/Family/__test__/familyContainer.test.js\u001b[39m\u001b[0m\u001b[2m:58:9)\u001b[22m\u001b[2m\u001b[22m\n","name":"C:\\git\\freshtrak-client\\src\\Modules\\Family\\__test__\\familyContainer.test.js","startTime":1752069066687,"status":"failed","summary":""},{"assertionResults":[{"ancestorTitles":[],"failureMessages":[],"fullName":"should render that there are no events scheduled if an empty object is passed to it","location":null,"status":"passed","title":"should render that there are no events scheduled if an empty object is passed to it"},{"ancestorTitles":[],"failureMessages":[],"fullName":"should display the data if data is passed to it","location":null,"status":"passed","title":"should display the data if data is passed to it"}],"endTime":1752069087578,"message":"","name":"C:\\git\\freshtrak-client\\src\\Modules\\Events\\__test__\\eventListComponent.test.js","startTime":1752069066761,"status":"passed","summary":""},{"assertionResults":[{"ancestorTitles":[],"failureMessages":[],"fullName":"should display the events","location":null,"status":"passed","title":"should display the events"},{"ancestorTitles":[],"failureMessages":[],"fullName":"should not display the exceptionNote if exceptionNote equals ''","location":null,"status":"passed","title":"should not display the exceptionNote if exceptionNote equals ''"},{"ancestorTitles":[],"failureMessages":[],"fullName":"should display the exceptionNote if exists","location":null,"status":"passed","title":"should display the exceptionNote if exists"}],"endTime":1752069087802,"message":"","name":"C:\\git\\freshtrak-client\\src\\Modules\\Events\\__test__\\eventCardComponent.test.js","startTime":1752069066804,"status":"passed","summary":""},{"assertionResults":[{"ancestorTitles":["MyComponent should render"],"failureMessages":["Error: \u001b[2mexpect(\u001b[22m\u001b[31mreceived\u001b[39m\u001b[2m).\u001b[22mnot\u001b[2m.\u001b[22mtoThrowError\u001b[2m()\u001b[22m\n\nError name:    \u001b[31m\"TypeError\"\u001b[39m\nError message: \u001b[31m\"Cannot read properties of undefined (reading 'event')\"\u001b[39m\n\n    \u001b[0m \u001b[90m 15 |\u001b[39m\n     \u001b[90m 16 |\u001b[39m \u001b[36mexport\u001b[39m \u001b[36mconst\u001b[39m { setCurrentEvent } \u001b[33m=\u001b[39m eventSlice\u001b[33m.\u001b[39mactions\u001b[33m;\u001b[39m\n    \u001b[31m\u001b[1m>\u001b[22m\u001b[39m\u001b[90m 17 |\u001b[39m \u001b[36mexport\u001b[39m \u001b[36mconst\u001b[39m selectEvent \u001b[33m=\u001b[39m state \u001b[33m=>\u001b[39m state\u001b[33m.\u001b[39mevent\u001b[33m.\u001b[39mevent\u001b[33m;\u001b[39m\n     \u001b[90m    |\u001b[39m                                                 \u001b[31m\u001b[1m^\u001b[22m\u001b[39m\n     \u001b[90m 18 |\u001b[39m \u001b[36mexport\u001b[39m \u001b[36mdefault\u001b[39m eventSlice\u001b[33m.\u001b[39mreducer\u001b[33m;\u001b[39m\n     \u001b[90m 19 |\u001b[39m\u001b[0m\n\n      \u001b[2mat selectEvent (\u001b[22msrc/Store/Events/eventSlice.js\u001b[2m:17:49)\u001b[22m\n      \u001b[2mat selectEvent (\u001b[22mnode_modules/react-redux/lib/hooks/useSelector.js\u001b[2m:67:26)\u001b[22m\n      \u001b[2mat memoizedSelector (\u001b[22mnode_modules/use-sync-external-store/cjs/use-sync-external-store-shim/with-selector.development.js\u001b[2m:47:30)\u001b[22m\n      \u001b[2mat \u001b[22mnode_modules/use-sync-external-store/cjs/use-sync-external-store-shim/with-selector.development.js\u001b[2m:71:22\u001b[22m\n      \u001b[2mat mountSyncExternalStore (\u001b[22mnode_modules/react-dom/cjs/react-dom.development.js\u001b[2m:15980:20)\u001b[22m\n      \u001b[2mat Object.useSyncExternalStore (\u001b[22mnode_modules/react-dom/cjs/react-dom.development.js\u001b[2m:16908:14)\u001b[22m\n      \u001b[2mat useSyncExternalStore (\u001b[22mnode_modules/react/cjs/react.development.js\u001b[2m:1676:21)\u001b[22m\n      \u001b[2mat Object.<anonymous>.process.env.NODE_ENV.exports.useSyncExternalStoreWithSelector (\u001b[22mnode_modules/use-sync-external-store/cjs/use-sync-external-store-shim/with-selector.development.js\u001b[2m:82:19)\u001b[22m\n      \u001b[2mat useSelector (\u001b[22mnode_modules/react-redux/lib/hooks/useSelector.js\u001b[2m:125:27)\u001b[22m\n      \u001b[2mat RegistrationConfirmComponent (\u001b[22msrc/Modules/Registration/RegistrationConfirmComponent.js\u001b[2m:22:27)\u001b[22m\n      \u001b[2mat renderWithHooks (\u001b[22mnode_modules/react-dom/cjs/react-dom.development.js\u001b[2m:15486:18)\u001b[22m\n      \u001b[2mat mountIndeterminateComponent (\u001b[22mnode_modules/react-dom/cjs/react-dom.development.js\u001b[2m:20103:13)\u001b[22m\n      \u001b[2mat beginWork (\u001b[22mnode_modules/react-dom/cjs/react-dom.development.js\u001b[2m:21626:16)\u001b[22m\n      \u001b[2mat beginWork$1 (\u001b[22mnode_modules/react-dom/cjs/react-dom.development.js\u001b[2m:27465:14)\u001b[22m\n      \u001b[2mat performUnitOfWork (\u001b[22mnode_modules/react-dom/cjs/react-dom.development.js\u001b[2m:26599:12)\u001b[22m\n      \u001b[2mat workLoopSync (\u001b[22mnode_modules/react-dom/cjs/react-dom.development.js\u001b[2m:26505:5)\u001b[22m\n      \u001b[2mat renderRootSync (\u001b[22mnode_modules/react-dom/cjs/react-dom.development.js\u001b[2m:26473:7)\u001b[22m\n      \u001b[2mat recoverFromConcurrentError (\u001b[22mnode_modules/react-dom/cjs/react-dom.development.js\u001b[2m:25889:20)\u001b[22m\n      \u001b[2mat performConcurrentWorkOnRoot (\u001b[22mnode_modules/react-dom/cjs/react-dom.development.js\u001b[2m:25789:22)\u001b[22m\n      \u001b[2mat flushActQueue (\u001b[22mnode_modules/react/cjs/react.development.js\u001b[2m:2667:24)\u001b[22m\n      \u001b[2mat act (\u001b[22mnode_modules/react/cjs/react.development.js\u001b[2m:2582:11)\u001b[22m\n      \u001b[2mat actWithWarning (\u001b[22mnode_modules/react-dom/cjs/react-dom-test-utils.development.js\u001b[2m:1740:10)\u001b[22m\n      \u001b[2mat \u001b[22mnode_modules/@testing-library/react/dist/act-compat.js\u001b[2m:63:25\u001b[22m\n      \u001b[2mat renderRoot (\u001b[22mnode_modules/@testing-library/react/dist/pure.js\u001b[2m:159:26)\u001b[22m\n      \u001b[2mat render (\u001b[22mnode_modules/@testing-library/react/dist/pure.js\u001b[2m:246:10)\u001b[22m\n      \u001b[2mat \u001b[22msrc/Modules/Registration/__test__/registrationConfirmComponent.test.js\u001b[2m:20:10\u001b[22m\n      \u001b[2mat Object.<anonymous> (\u001b[22mnode_modules/expect/build/toThrowMatchers.js\u001b[2m:83:11)\u001b[22m\n      \u001b[2mat Object.toThrowError (\u001b[22mnode_modules/expect/build/index.js\u001b[2m:382:21)\u001b[22m\n      \u001b[2mat Object.<anonymous> (\u001b[22msrc/Modules/Registration/__test__/registrationConfirmComponent.test.js\u001b[2m:31:10)\u001b[22m\n    at Object.<anonymous> (C:\\git\\freshtrak-client\\src\\Modules\\Registration\\__test__\\registrationConfirmComponent.test.js:31:10)\n    at Promise.then.completed (C:\\git\\freshtrak-client\\node_modules\\jest-circus\\build\\utils.js:391:28)\n    at new Promise (<anonymous>)\n    at callAsyncCircusFn (C:\\git\\freshtrak-client\\node_modules\\jest-circus\\build\\utils.js:316:10)\n    at _callCircusTest (C:\\git\\freshtrak-client\\node_modules\\jest-circus\\build\\run.js:218:40)\n    at processTicksAndRejections (node:internal/process/task_queues:95:5)\n    at _runTest (C:\\git\\freshtrak-client\\node_modules\\jest-circus\\build\\run.js:155:3)\n    at _runTestsForDescribeBlock (C:\\git\\freshtrak-client\\node_modules\\jest-circus\\build\\run.js:66:9)\n    at _runTestsForDescribeBlock (C:\\git\\freshtrak-client\\node_modules\\jest-circus\\build\\run.js:60:9)\n    at run (C:\\git\\freshtrak-client\\node_modules\\jest-circus\\build\\run.js:25:3)\n    at runAndTransformResultsToJestFormat (C:\\git\\freshtrak-client\\node_modules\\jest-circus\\build\\legacy-code-todo-rewrite\\jestAdapterInit.js:170:21)\n    at jestAdapter (C:\\git\\freshtrak-client\\node_modules\\jest-circus\\build\\legacy-code-todo-rewrite\\jestAdapter.js:82:19)\n    at runTestInternal (C:\\git\\freshtrak-client\\node_modules\\jest-runner\\build\\runTest.js:389:16)\n    at runTest (C:\\git\\freshtrak-client\\node_modules\\jest-runner\\build\\runTest.js:475:34)\n    at Object.worker (C:\\git\\freshtrak-client\\node_modules\\jest-runner\\build\\testWorker.js:133:12)"],"fullName":"MyComponent should render should render","location":null,"status":"failed","title":"should render"},{"ancestorTitles":[],"failureMessages":[],"fullName":"should load without errors","location":null,"status":"passed","title":"should load without errors"},{"ancestorTitles":[],"failureMessages":[],"fullName":"show the event data and user data","location":null,"status":"passed","title":"show the event data and user data"}],"endTime":1752069088117,"message":"\u001b[1m\u001b[31m  \u001b[1m● \u001b[22m\u001b[1mMyComponent should render › should render\u001b[39m\u001b[22m\n\n    \u001b[2mexpect(\u001b[22m\u001b[31mreceived\u001b[39m\u001b[2m).\u001b[22mnot\u001b[2m.\u001b[22mtoThrowError\u001b[2m()\u001b[22m\n\n    Error name:    \u001b[31m\"TypeError\"\u001b[39m\n    Error message: \u001b[31m\"Cannot read properties of undefined (reading 'event')\"\u001b[39m\n\n        \u001b[0m \u001b[90m 15 |\u001b[39m\n         \u001b[90m 16 |\u001b[39m \u001b[36mexport\u001b[39m \u001b[36mconst\u001b[39m { setCurrentEvent } \u001b[33m=\u001b[39m eventSlice\u001b[33m.\u001b[39mactions\u001b[33m;\u001b[39m\n        \u001b[31m\u001b[1m>\u001b[22m\u001b[39m\u001b[90m 17 |\u001b[39m \u001b[36mexport\u001b[39m \u001b[36mconst\u001b[39m selectEvent \u001b[33m=\u001b[39m state \u001b[33m=>\u001b[39m state\u001b[33m.\u001b[39mevent\u001b[33m.\u001b[39mevent\u001b[33m;\u001b[39m\n         \u001b[90m    |\u001b[39m                                                 \u001b[31m\u001b[1m^\u001b[22m\u001b[39m\n         \u001b[90m 18 |\u001b[39m \u001b[36mexport\u001b[39m \u001b[36mdefault\u001b[39m eventSlice\u001b[33m.\u001b[39mreducer\u001b[33m;\u001b[39m\n         \u001b[90m 19 |\u001b[39m\u001b[0m\n\n          \u001b[2mat selectEvent (\u001b[22msrc/Store/Events/eventSlice.js\u001b[2m:17:49)\u001b[22m\n          \u001b[2mat selectEvent (\u001b[22mnode_modules/react-redux/lib/hooks/useSelector.js\u001b[2m:67:26)\u001b[22m\n          \u001b[2mat memoizedSelector (\u001b[22mnode_modules/use-sync-external-store/cjs/use-sync-external-store-shim/with-selector.development.js\u001b[2m:47:30)\u001b[22m\n          \u001b[2mat \u001b[22mnode_modules/use-sync-external-store/cjs/use-sync-external-store-shim/with-selector.development.js\u001b[2m:71:22\u001b[22m\n          \u001b[2mat mountSyncExternalStore (\u001b[22mnode_modules/react-dom/cjs/react-dom.development.js\u001b[2m:15980:20)\u001b[22m\n          \u001b[2mat Object.useSyncExternalStore (\u001b[22mnode_modules/react-dom/cjs/react-dom.development.js\u001b[2m:16908:14)\u001b[22m\n          \u001b[2mat useSyncExternalStore (\u001b[22mnode_modules/react/cjs/react.development.js\u001b[2m:1676:21)\u001b[22m\n          \u001b[2mat Object.<anonymous>.process.env.NODE_ENV.exports.useSyncExternalStoreWithSelector (\u001b[22mnode_modules/use-sync-external-store/cjs/use-sync-external-store-shim/with-selector.development.js\u001b[2m:82:19)\u001b[22m\n          \u001b[2mat useSelector (\u001b[22mnode_modules/react-redux/lib/hooks/useSelector.js\u001b[2m:125:27)\u001b[22m\n          \u001b[2mat RegistrationConfirmComponent (\u001b[22msrc/Modules/Registration/RegistrationConfirmComponent.js\u001b[2m:22:27)\u001b[22m\n          \u001b[2mat renderWithHooks (\u001b[22mnode_modules/react-dom/cjs/react-dom.development.js\u001b[2m:15486:18)\u001b[22m\n          \u001b[2mat mountIndeterminateComponent (\u001b[22mnode_modules/react-dom/cjs/react-dom.development.js\u001b[2m:20103:13)\u001b[22m\n          \u001b[2mat beginWork (\u001b[22mnode_modules/react-dom/cjs/react-dom.development.js\u001b[2m:21626:16)\u001b[22m\n          \u001b[2mat beginWork$1 (\u001b[22mnode_modules/react-dom/cjs/react-dom.development.js\u001b[2m:27465:14)\u001b[22m\n          \u001b[2mat performUnitOfWork (\u001b[22mnode_modules/react-dom/cjs/react-dom.development.js\u001b[2m:26599:12)\u001b[22m\n          \u001b[2mat workLoopSync (\u001b[22mnode_modules/react-dom/cjs/react-dom.development.js\u001b[2m:26505:5)\u001b[22m\n          \u001b[2mat renderRootSync (\u001b[22mnode_modules/react-dom/cjs/react-dom.development.js\u001b[2m:26473:7)\u001b[22m\n          \u001b[2mat recoverFromConcurrentError (\u001b[22mnode_modules/react-dom/cjs/react-dom.development.js\u001b[2m:25889:20)\u001b[22m\n          \u001b[2mat performConcurrentWorkOnRoot (\u001b[22mnode_modules/react-dom/cjs/react-dom.development.js\u001b[2m:25789:22)\u001b[22m\n          \u001b[2mat flushActQueue (\u001b[22mnode_modules/react/cjs/react.development.js\u001b[2m:2667:24)\u001b[22m\n          \u001b[2mat act (\u001b[22mnode_modules/react/cjs/react.development.js\u001b[2m:2582:11)\u001b[22m\n          \u001b[2mat actWithWarning (\u001b[22mnode_modules/react-dom/cjs/react-dom-test-utils.development.js\u001b[2m:1740:10)\u001b[22m\n          \u001b[2mat \u001b[22mnode_modules/@testing-library/react/dist/act-compat.js\u001b[2m:63:25\u001b[22m\n          \u001b[2mat renderRoot (\u001b[22mnode_modules/@testing-library/react/dist/pure.js\u001b[2m:159:26)\u001b[22m\n          \u001b[2mat render (\u001b[22mnode_modules/@testing-library/react/dist/pure.js\u001b[2m:246:10)\u001b[22m\n          \u001b[2mat \u001b[22msrc/Modules/Registration/__test__/registrationConfirmComponent.test.js\u001b[2m:20:10\u001b[22m\n          \u001b[2mat Object.<anonymous> (\u001b[22mnode_modules/expect/build/toThrowMatchers.js\u001b[2m:83:11)\u001b[22m\n          \u001b[2mat Object.toThrowError (\u001b[22mnode_modules/expect/build/index.js\u001b[2m:382:21)\u001b[22m\n          \u001b[2mat Object.<anonymous> (\u001b[22msrc/Modules/Registration/__test__/registrationConfirmComponent.test.js\u001b[2m:31:10)\u001b[22m\n\u001b[2m\u001b[22m\n\u001b[2m    \u001b[0m \u001b[90m 29 |\u001b[39m \t\t\t\t\u001b[33m<\u001b[39m\u001b[33m/\u001b[39m\u001b[33mProvider\u001b[39m\u001b[33m>\u001b[39m\u001b[22m\n\u001b[2m     \u001b[90m 30 |\u001b[39m \t\t\t)\u001b[33m;\u001b[39m\u001b[22m\n\u001b[2m    \u001b[31m\u001b[1m>\u001b[22m\u001b[2m\u001b[39m\u001b[90m 31 |\u001b[39m \t\t})\u001b[33m.\u001b[39mnot\u001b[33m.\u001b[39mtoThrowError()\u001b[33m;\u001b[39m\u001b[22m\n\u001b[2m     \u001b[90m    |\u001b[39m \t\t       \u001b[31m\u001b[1m^\u001b[22m\u001b[2m\u001b[39m\u001b[22m\n\u001b[2m     \u001b[90m 32 |\u001b[39m \t})\u001b[33m;\u001b[39m\u001b[22m\n\u001b[2m     \u001b[90m 33 |\u001b[39m })\u001b[33m;\u001b[39m\u001b[22m\n\u001b[2m     \u001b[90m 34 |\u001b[39m\u001b[0m\u001b[22m\n\u001b[2m\u001b[22m\n\u001b[2m      \u001b[2mat Object.<anonymous> (\u001b[22m\u001b[2m\u001b[0m\u001b[36msrc/Modules/Registration/__test__/registrationConfirmComponent.test.js\u001b[39m\u001b[0m\u001b[2m:31:10)\u001b[22m\u001b[2m\u001b[22m\n","name":"C:\\git\\freshtrak-client\\src\\Modules\\Registration\\__test__\\registrationConfirmComponent.test.js","startTime":1752069066519,"status":"failed","summary":""},{"assertionResults":[{"ancestorTitles":["EventListContainer"],"failureMessages":[],"fullName":"EventListContainer should load without errors","location":null,"status":"passed","title":"should load without errors"},{"ancestorTitles":["EventListContainer"],"failureMessages":[],"fullName":"EventListContainer Successful Api with no Events dates","location":null,"status":"passed","title":"Successful Api with no Events dates"},{"ancestorTitles":["EventListContainer"],"failureMessages":["Error: Unable to find an element with the text: Multi-tiered. This could be because the text is broken up by multiple elements. In this case, you can provide a function for your text matcher to make your matcher more flexible.\n\nIgnored nodes: comments, script, style\n\u001b[36m<body>\u001b[39m\n  \u001b[36m<div>\u001b[39m\n    \u001b[36m<div\u001b[39m\n      \u001b[33maria-live\u001b[39m=\u001b[32m\"polite\"\u001b[39m\n      \u001b[33mclass\u001b[39m=\u001b[32m\"search-results-list\"\u001b[39m\n    \u001b[36m>\u001b[39m\n      \u001b[36m<div\u001b[39m\n        \u001b[33mclass\u001b[39m=\u001b[32m\"row m-0\"\u001b[39m\n      \u001b[36m>\u001b[39m\n        \u001b[36m<h2\u001b[39m\n          \u001b[33mclass\u001b[39m=\u001b[32m\"font-weight-bold mobile-text-left\"\u001b[39m\n        \u001b[36m>\u001b[39m\n          \u001b[0mResource Events Serving Residents of Zip Code\u001b[0m\n          \u001b[0m \u001b[0m\n          \u001b[0m08238\u001b[0m\n        \u001b[36m</h2>\u001b[39m\n      \u001b[36m</div>\u001b[39m\n      \u001b[36m<h3>\u001b[39m\n        \u001b[0mNo Events Currently Scheduled\u001b[0m\n      \u001b[36m</h3>\u001b[39m\n    \u001b[36m</div>\u001b[39m\n  \u001b[36m</div>\u001b[39m\n\u001b[36m</body>\u001b[39m\n    at waitForWrapper (C:\\git\\freshtrak-client\\node_modules\\@testing-library\\dom\\dist\\wait-for.js:166:27)\n    at Object.<anonymous> (C:\\git\\freshtrak-client\\src\\Modules\\Events\\__test__\\eventListContainer.test.js:72:16)\n    at Promise.then.completed (C:\\git\\freshtrak-client\\node_modules\\jest-circus\\build\\utils.js:391:28)\n    at new Promise (<anonymous>)\n    at callAsyncCircusFn (C:\\git\\freshtrak-client\\node_modules\\jest-circus\\build\\utils.js:316:10)\n    at _callCircusTest (C:\\git\\freshtrak-client\\node_modules\\jest-circus\\build\\run.js:218:40)\n    at processTicksAndRejections (node:internal/process/task_queues:95:5)\n    at _runTest (C:\\git\\freshtrak-client\\node_modules\\jest-circus\\build\\run.js:155:3)\n    at _runTestsForDescribeBlock (C:\\git\\freshtrak-client\\node_modules\\jest-circus\\build\\run.js:66:9)\n    at _runTestsForDescribeBlock (C:\\git\\freshtrak-client\\node_modules\\jest-circus\\build\\run.js:60:9)\n    at run (C:\\git\\freshtrak-client\\node_modules\\jest-circus\\build\\run.js:25:3)\n    at runAndTransformResultsToJestFormat (C:\\git\\freshtrak-client\\node_modules\\jest-circus\\build\\legacy-code-todo-rewrite\\jestAdapterInit.js:170:21)\n    at jestAdapter (C:\\git\\freshtrak-client\\node_modules\\jest-circus\\build\\legacy-code-todo-rewrite\\jestAdapter.js:82:19)\n    at runTestInternal (C:\\git\\freshtrak-client\\node_modules\\jest-runner\\build\\runTest.js:389:16)\n    at runTest (C:\\git\\freshtrak-client\\node_modules\\jest-runner\\build\\runTest.js:475:34)\n    at Object.worker (C:\\git\\freshtrak-client\\node_modules\\jest-runner\\build\\testWorker.js:133:12)"],"fullName":"EventListContainer Successful Api with Events dates","location":null,"status":"failed","title":"Successful Api with Events dates"}],"endTime":1752069088190,"message":"\u001b[1m\u001b[31m  \u001b[1m● \u001b[22m\u001b[1mEventListContainer › Successful Api with Events dates\u001b[39m\u001b[22m\n\n    Unable to find an element with the text: Multi-tiered. This could be because the text is broken up by multiple elements. In this case, you can provide a function for your text matcher to make your matcher more flexible.\n\n    Ignored nodes: comments, script, style\n    \u001b[36m<body>\u001b[39m\n      \u001b[36m<div>\u001b[39m\n        \u001b[36m<div\u001b[39m\n          \u001b[33maria-live\u001b[39m=\u001b[32m\"polite\"\u001b[39m\n          \u001b[33mclass\u001b[39m=\u001b[32m\"search-results-list\"\u001b[39m\n        \u001b[36m>\u001b[39m\n          \u001b[36m<div\u001b[39m\n            \u001b[33mclass\u001b[39m=\u001b[32m\"row m-0\"\u001b[39m\n          \u001b[36m>\u001b[39m\n            \u001b[36m<h2\u001b[39m\n              \u001b[33mclass\u001b[39m=\u001b[32m\"font-weight-bold mobile-text-left\"\u001b[39m\n            \u001b[36m>\u001b[39m\n              \u001b[0mResource Events Serving Residents of Zip Code\u001b[0m\n              \u001b[0m \u001b[0m\n              \u001b[0m08238\u001b[0m\n            \u001b[36m</h2>\u001b[39m\n          \u001b[36m</div>\u001b[39m\n          \u001b[36m<h3>\u001b[39m\n            \u001b[0mNo Events Currently Scheduled\u001b[0m\n          \u001b[36m</h3>\u001b[39m\n        \u001b[36m</div>\u001b[39m\n      \u001b[36m</div>\u001b[39m\n    \u001b[36m</body>\u001b[39m\n\u001b[2m\u001b[22m\n\u001b[2m    \u001b[0m \u001b[90m 70 |\u001b[39m \t\t\t\u001b[33m<\u001b[39m\u001b[33m/\u001b[39m\u001b[33mProvider\u001b[39m\u001b[33m>\u001b[39m\u001b[22m\n\u001b[2m     \u001b[90m 71 |\u001b[39m \t\t)\u001b[33m;\u001b[39m\u001b[22m\n\u001b[2m    \u001b[31m\u001b[1m>\u001b[22m\u001b[2m\u001b[39m\u001b[90m 72 |\u001b[39m \t\t\u001b[36mawait\u001b[39m waitFor(() \u001b[33m=>\u001b[39m {\u001b[22m\n\u001b[2m     \u001b[90m    |\u001b[39m \t\t             \u001b[31m\u001b[1m^\u001b[22m\u001b[2m\u001b[39m\u001b[22m\n\u001b[2m     \u001b[90m 73 |\u001b[39m \t\t\tgetByText(\u001b[32m`${mockEvent.name}`\u001b[39m)\u001b[33m;\u001b[39m\u001b[22m\n\u001b[2m     \u001b[90m 74 |\u001b[39m \t\t})\u001b[33m;\u001b[39m\u001b[22m\n\u001b[2m     \u001b[90m 75 |\u001b[39m \t})\u001b[33m;\u001b[39m\u001b[0m\u001b[22m\n\u001b[2m\u001b[22m\n\u001b[2m      \u001b[2mat waitForWrapper (\u001b[22m\u001b[2mnode_modules/@testing-library/dom/dist/wait-for.js\u001b[2m:166:27)\u001b[22m\u001b[2m\u001b[22m\n\u001b[2m      \u001b[2mat Object.<anonymous> (\u001b[22m\u001b[2m\u001b[0m\u001b[36msrc/Modules/Events/__test__/eventListContainer.test.js\u001b[39m\u001b[0m\u001b[2m:72:16)\u001b[22m\u001b[2m\u001b[22m\n","name":"C:\\git\\freshtrak-client\\src\\Modules\\Events\\__test__\\eventListContainer.test.js","startTime":1752069066347,"status":"failed","summary":""},{"assertionResults":[{"ancestorTitles":[],"failureMessages":[],"fullName":"should say 'No Food Banks found within the zip code' if none are present","location":null,"status":"passed","title":"should say 'No Food Banks found within the zip code' if none are present"},{"ancestorTitles":[],"failureMessages":[],"fullName":"should say 'Food bank serving zip code' if only 1 food bank is present","location":null,"status":"passed","title":"should say 'Food bank serving zip code' if only 1 food bank is present"},{"ancestorTitles":[],"failureMessages":[],"fullName":"should say 'Food banks serving zip code' if more than 1 is present","location":null,"status":"passed","title":"should say 'Food banks serving zip code' if more than 1 is present"}],"endTime":1752069088236,"message":"","name":"C:\\git\\freshtrak-client\\src\\Modules\\Events\\__test__\\resourceListComponent.test.js","startTime":1752069066693,"status":"passed","summary":""},{"assertionResults":[{"ancestorTitles":["AgencyEventListContainer"],"failureMessages":[],"fullName":"AgencyEventListContainer should show loading","location":null,"status":"passed","title":"should show loading"},{"ancestorTitles":["AgencyEventListContainer"],"failureMessages":["Error: Unable to find an element with the text: /something went wrong/i. This could be because the text is broken up by multiple elements. In this case, you can provide a function for your text matcher to make your matcher more flexible.\n\nIgnored nodes: comments, script, style\n\u001b[36m<body>\u001b[39m\n  \u001b[36m<div>\u001b[39m\n    \u001b[36m<div\u001b[39m\n      \u001b[33mclass\u001b[39m=\u001b[32m\"container mt-100\"\u001b[39m\n    \u001b[36m>\u001b[39m\n      \u001b[36m<div\u001b[39m\n        \u001b[33mclass\u001b[39m=\u001b[32m\"pb-4\"\u001b[39m\n      \u001b[36m>\u001b[39m\n        \u001b[36m<h1>\u001b[39m\n          \u001b[0mEvents for \u001b[0m\n        \u001b[36m</h1>\u001b[39m\n      \u001b[36m</div>\u001b[39m\n      \u001b[36m<div\u001b[39m\n        \u001b[33mclass\u001b[39m=\u001b[32m\"gray-bg\"\u001b[39m\n      \u001b[36m>\u001b[39m\n        \u001b[36m<div\u001b[39m\n          \u001b[33mclass\u001b[39m=\u001b[32m\"container pt-150 pb-150\"\u001b[39m\n        \u001b[36m>\u001b[39m\n          \u001b[36m<div\u001b[39m\n            \u001b[33maria-live\u001b[39m=\u001b[32m\"polite\"\u001b[39m\n            \u001b[33mclass\u001b[39m=\u001b[32m\"search-results-list\"\u001b[39m\n          \u001b[36m>\u001b[39m\n            \u001b[36m<h3>\u001b[39m\n              \u001b[0mNo Events Currently Scheduled\u001b[0m\n            \u001b[36m</h3>\u001b[39m\n          \u001b[36m</div>\u001b[39m\n        \u001b[36m</div>\u001b[39m\n      \u001b[36m</div>\u001b[39m\n    \u001b[36m</div>\u001b[39m\n  \u001b[36m</div>\u001b[39m\n\u001b[36m</body>\u001b[39m\n    at waitForWrapper (C:\\git\\freshtrak-client\\node_modules\\@testing-library\\dom\\dist\\wait-for.js:166:27)\n    at Object.<anonymous> (C:\\git\\freshtrak-client\\src\\Modules\\Events\\__test__\\angencyEventListContainer.test.js:42:16)\n    at Promise.then.completed (C:\\git\\freshtrak-client\\node_modules\\jest-circus\\build\\utils.js:391:28)\n    at new Promise (<anonymous>)\n    at callAsyncCircusFn (C:\\git\\freshtrak-client\\node_modules\\jest-circus\\build\\utils.js:316:10)\n    at _callCircusTest (C:\\git\\freshtrak-client\\node_modules\\jest-circus\\build\\run.js:218:40)\n    at processTicksAndRejections (node:internal/process/task_queues:95:5)\n    at _runTest (C:\\git\\freshtrak-client\\node_modules\\jest-circus\\build\\run.js:155:3)\n    at _runTestsForDescribeBlock (C:\\git\\freshtrak-client\\node_modules\\jest-circus\\build\\run.js:66:9)\n    at _runTestsForDescribeBlock (C:\\git\\freshtrak-client\\node_modules\\jest-circus\\build\\run.js:60:9)\n    at run (C:\\git\\freshtrak-client\\node_modules\\jest-circus\\build\\run.js:25:3)\n    at runAndTransformResultsToJestFormat (C:\\git\\freshtrak-client\\node_modules\\jest-circus\\build\\legacy-code-todo-rewrite\\jestAdapterInit.js:170:21)\n    at jestAdapter (C:\\git\\freshtrak-client\\node_modules\\jest-circus\\build\\legacy-code-todo-rewrite\\jestAdapter.js:82:19)\n    at runTestInternal (C:\\git\\freshtrak-client\\node_modules\\jest-runner\\build\\runTest.js:389:16)\n    at runTest (C:\\git\\freshtrak-client\\node_modules\\jest-runner\\build\\runTest.js:475:34)\n    at Object.worker (C:\\git\\freshtrak-client\\node_modules\\jest-runner\\build\\testWorker.js:133:12)"],"fullName":"AgencyEventListContainer should show error if server error","location":null,"status":"failed","title":"should show error if server error"},{"ancestorTitles":["AgencyEventListContainer"],"failureMessages":["Error: Unable to find an element with the text: bypassing. This could be because the text is broken up by multiple elements. In this case, you can provide a function for your text matcher to make your matcher more flexible.\n\nIgnored nodes: comments, script, style\n\u001b[36m<body>\u001b[39m\n  \u001b[36m<div>\u001b[39m\n    \u001b[36m<div\u001b[39m\n      \u001b[33mclass\u001b[39m=\u001b[32m\"container mt-100\"\u001b[39m\n    \u001b[36m>\u001b[39m\n      \u001b[36m<div\u001b[39m\n        \u001b[33mclass\u001b[39m=\u001b[32m\"pb-4\"\u001b[39m\n      \u001b[36m>\u001b[39m\n        \u001b[36m<h1>\u001b[39m\n          \u001b[0mEvents for \u001b[0m\n        \u001b[36m</h1>\u001b[39m\n      \u001b[36m</div>\u001b[39m\n      \u001b[36m<div\u001b[39m\n        \u001b[33mclass\u001b[39m=\u001b[32m\"gray-bg\"\u001b[39m\n      \u001b[36m>\u001b[39m\n        \u001b[36m<div\u001b[39m\n          \u001b[33mclass\u001b[39m=\u001b[32m\"container pt-150 pb-150\"\u001b[39m\n        \u001b[36m>\u001b[39m\n          \u001b[36m<div\u001b[39m\n            \u001b[33maria-live\u001b[39m=\u001b[32m\"polite\"\u001b[39m\n            \u001b[33mclass\u001b[39m=\u001b[32m\"search-results-list\"\u001b[39m\n          \u001b[36m>\u001b[39m\n            \u001b[36m<h3>\u001b[39m\n              \u001b[0mNo Events Currently Scheduled\u001b[0m\n            \u001b[36m</h3>\u001b[39m\n          \u001b[36m</div>\u001b[39m\n        \u001b[36m</div>\u001b[39m\n      \u001b[36m</div>\u001b[39m\n    \u001b[36m</div>\u001b[39m\n  \u001b[36m</div>\u001b[39m\n\u001b[36m</body>\u001b[39m\n    at waitForWrapper (C:\\git\\freshtrak-client\\node_modules\\@testing-library\\dom\\dist\\wait-for.js:166:27)\n    at Object.<anonymous> (C:\\git\\freshtrak-client\\src\\Modules\\Events\\__test__\\angencyEventListContainer.test.js:56:16)\n    at Promise.then.completed (C:\\git\\freshtrak-client\\node_modules\\jest-circus\\build\\utils.js:391:28)\n    at new Promise (<anonymous>)\n    at callAsyncCircusFn (C:\\git\\freshtrak-client\\node_modules\\jest-circus\\build\\utils.js:316:10)\n    at _callCircusTest (C:\\git\\freshtrak-client\\node_modules\\jest-circus\\build\\run.js:218:40)\n    at _runTest (C:\\git\\freshtrak-client\\node_modules\\jest-circus\\build\\run.js:155:3)\n    at _runTestsForDescribeBlock (C:\\git\\freshtrak-client\\node_modules\\jest-circus\\build\\run.js:66:9)\n    at _runTestsForDescribeBlock (C:\\git\\freshtrak-client\\node_modules\\jest-circus\\build\\run.js:60:9)\n    at run (C:\\git\\freshtrak-client\\node_modules\\jest-circus\\build\\run.js:25:3)\n    at runAndTransformResultsToJestFormat (C:\\git\\freshtrak-client\\node_modules\\jest-circus\\build\\legacy-code-todo-rewrite\\jestAdapterInit.js:170:21)\n    at jestAdapter (C:\\git\\freshtrak-client\\node_modules\\jest-circus\\build\\legacy-code-todo-rewrite\\jestAdapter.js:82:19)\n    at runTestInternal (C:\\git\\freshtrak-client\\node_modules\\jest-runner\\build\\runTest.js:389:16)\n    at runTest (C:\\git\\freshtrak-client\\node_modules\\jest-runner\\build\\runTest.js:475:34)\n    at Object.worker (C:\\git\\freshtrak-client\\node_modules\\jest-runner\\build\\testWorker.js:133:12)"],"fullName":"AgencyEventListContainer should show the results from the events api","location":null,"status":"failed","title":"should show the results from the events api"}],"endTime":1752069090111,"message":"\u001b[1m\u001b[31m  \u001b[1m● \u001b[22m\u001b[1mAgencyEventListContainer › should show error if server error\u001b[39m\u001b[22m\n\n    Unable to find an element with the text: /something went wrong/i. This could be because the text is broken up by multiple elements. In this case, you can provide a function for your text matcher to make your matcher more flexible.\n\n    Ignored nodes: comments, script, style\n    \u001b[36m<body>\u001b[39m\n      \u001b[36m<div>\u001b[39m\n        \u001b[36m<div\u001b[39m\n          \u001b[33mclass\u001b[39m=\u001b[32m\"container mt-100\"\u001b[39m\n        \u001b[36m>\u001b[39m\n          \u001b[36m<div\u001b[39m\n            \u001b[33mclass\u001b[39m=\u001b[32m\"pb-4\"\u001b[39m\n          \u001b[36m>\u001b[39m\n            \u001b[36m<h1>\u001b[39m\n              \u001b[0mEvents for \u001b[0m\n            \u001b[36m</h1>\u001b[39m\n          \u001b[36m</div>\u001b[39m\n          \u001b[36m<div\u001b[39m\n            \u001b[33mclass\u001b[39m=\u001b[32m\"gray-bg\"\u001b[39m\n          \u001b[36m>\u001b[39m\n            \u001b[36m<div\u001b[39m\n              \u001b[33mclass\u001b[39m=\u001b[32m\"container pt-150 pb-150\"\u001b[39m\n            \u001b[36m>\u001b[39m\n              \u001b[36m<div\u001b[39m\n                \u001b[33maria-live\u001b[39m=\u001b[32m\"polite\"\u001b[39m\n                \u001b[33mclass\u001b[39m=\u001b[32m\"search-results-list\"\u001b[39m\n              \u001b[36m>\u001b[39m\n                \u001b[36m<h3>\u001b[39m\n                  \u001b[0mNo Events Currently Scheduled\u001b[0m\n                \u001b[36m</h3>\u001b[39m\n              \u001b[36m</div>\u001b[39m\n            \u001b[36m</div>\u001b[39m\n          \u001b[36m</div>\u001b[39m\n        \u001b[36m</div>\u001b[39m\n      \u001b[36m</div>\u001b[39m\n    \u001b[36m</body>\u001b[39m\n\u001b[2m\u001b[22m\n\u001b[2m    \u001b[0m \u001b[90m 40 |\u001b[39m \t\t\t\u001b[33m<\u001b[39m\u001b[33m/\u001b[39m\u001b[33mProvider\u001b[39m\u001b[33m>\u001b[39m\u001b[22m\n\u001b[2m     \u001b[90m 41 |\u001b[39m \t\t)\u001b[33m;\u001b[39m\u001b[22m\n\u001b[2m    \u001b[31m\u001b[1m>\u001b[22m\u001b[2m\u001b[39m\u001b[90m 42 |\u001b[39m \t\t\u001b[36mawait\u001b[39m waitFor(() \u001b[33m=>\u001b[39m {\u001b[22m\n\u001b[2m     \u001b[90m    |\u001b[39m \t\t             \u001b[31m\u001b[1m^\u001b[22m\u001b[2m\u001b[39m\u001b[22m\n\u001b[2m     \u001b[90m 43 |\u001b[39m \t\t\tgetByText(\u001b[35m/something went wrong/i\u001b[39m)\u001b[33m;\u001b[39m\u001b[22m\n\u001b[2m     \u001b[90m 44 |\u001b[39m \t\t})\u001b[33m;\u001b[39m\u001b[22m\n\u001b[2m     \u001b[90m 45 |\u001b[39m \t})\u001b[33m;\u001b[39m\u001b[0m\u001b[22m\n\u001b[2m\u001b[22m\n\u001b[2m      \u001b[2mat waitForWrapper (\u001b[22m\u001b[2mnode_modules/@testing-library/dom/dist/wait-for.js\u001b[2m:166:27)\u001b[22m\u001b[2m\u001b[22m\n\u001b[2m      \u001b[2mat Object.<anonymous> (\u001b[22m\u001b[2m\u001b[0m\u001b[36msrc/Modules/Events/__test__/angencyEventListContainer.test.js\u001b[39m\u001b[0m\u001b[2m:42:16)\u001b[22m\u001b[2m\u001b[22m\n\n\u001b[1m\u001b[31m  \u001b[1m● \u001b[22m\u001b[1mAgencyEventListContainer › should show the results from the events api\u001b[39m\u001b[22m\n\n    Unable to find an element with the text: bypassing. This could be because the text is broken up by multiple elements. In this case, you can provide a function for your text matcher to make your matcher more flexible.\n\n    Ignored nodes: comments, script, style\n    \u001b[36m<body>\u001b[39m\n      \u001b[36m<div>\u001b[39m\n        \u001b[36m<div\u001b[39m\n          \u001b[33mclass\u001b[39m=\u001b[32m\"container mt-100\"\u001b[39m\n        \u001b[36m>\u001b[39m\n          \u001b[36m<div\u001b[39m\n            \u001b[33mclass\u001b[39m=\u001b[32m\"pb-4\"\u001b[39m\n          \u001b[36m>\u001b[39m\n            \u001b[36m<h1>\u001b[39m\n              \u001b[0mEvents for \u001b[0m\n            \u001b[36m</h1>\u001b[39m\n          \u001b[36m</div>\u001b[39m\n          \u001b[36m<div\u001b[39m\n            \u001b[33mclass\u001b[39m=\u001b[32m\"gray-bg\"\u001b[39m\n          \u001b[36m>\u001b[39m\n            \u001b[36m<div\u001b[39m\n              \u001b[33mclass\u001b[39m=\u001b[32m\"container pt-150 pb-150\"\u001b[39m\n            \u001b[36m>\u001b[39m\n              \u001b[36m<div\u001b[39m\n                \u001b[33maria-live\u001b[39m=\u001b[32m\"polite\"\u001b[39m\n                \u001b[33mclass\u001b[39m=\u001b[32m\"search-results-list\"\u001b[39m\n              \u001b[36m>\u001b[39m\n                \u001b[36m<h3>\u001b[39m\n                  \u001b[0mNo Events Currently Scheduled\u001b[0m\n                \u001b[36m</h3>\u001b[39m\n              \u001b[36m</div>\u001b[39m\n            \u001b[36m</div>\u001b[39m\n          \u001b[36m</div>\u001b[39m\n        \u001b[36m</div>\u001b[39m\n      \u001b[36m</div>\u001b[39m\n    \u001b[36m</body>\u001b[39m\n\u001b[2m\u001b[22m\n\u001b[2m    \u001b[0m \u001b[90m 54 |\u001b[39m \t\t\t\u001b[33m<\u001b[39m\u001b[33m/\u001b[39m\u001b[33mProvider\u001b[39m\u001b[33m>\u001b[39m\u001b[22m\n\u001b[2m     \u001b[90m 55 |\u001b[39m \t\t)\u001b[33m;\u001b[39m\u001b[22m\n\u001b[2m    \u001b[31m\u001b[1m>\u001b[22m\u001b[2m\u001b[39m\u001b[90m 56 |\u001b[39m \t\t\u001b[36mawait\u001b[39m waitFor(() \u001b[33m=>\u001b[39m {\u001b[22m\n\u001b[2m     \u001b[90m    |\u001b[39m \t\t             \u001b[31m\u001b[1m^\u001b[22m\u001b[2m\u001b[39m\u001b[22m\n\u001b[2m     \u001b[90m 57 |\u001b[39m \t\t\tgetByText(mockEvent\u001b[33m.\u001b[39mname)\u001b[33m;\u001b[39m\u001b[22m\n\u001b[2m     \u001b[90m 58 |\u001b[39m \t\t})\u001b[33m;\u001b[39m\u001b[22m\n\u001b[2m     \u001b[90m 59 |\u001b[39m \t})\u001b[33m;\u001b[39m\u001b[0m\u001b[22m\n\u001b[2m\u001b[22m\n\u001b[2m      \u001b[2mat waitForWrapper (\u001b[22m\u001b[2mnode_modules/@testing-library/dom/dist/wait-for.js\u001b[2m:166:27)\u001b[22m\u001b[2m\u001b[22m\n\u001b[2m      \u001b[2mat Object.<anonymous> (\u001b[22m\u001b[2m\u001b[0m\u001b[36msrc/Modules/Events/__test__/angencyEventListContainer.test.js\u001b[39m\u001b[0m\u001b[2m:56:16)\u001b[22m\u001b[2m\u001b[22m\n","name":"C:\\git\\freshtrak-client\\src\\Modules\\Events\\__test__\\angencyEventListContainer.test.js","startTime":1752069066750,"status":"failed","summary":""},{"assertionResults":[{"ancestorTitles":[],"failureMessages":[],"fullName":"should render","location":null,"status":"passed","title":"should render"},{"ancestorTitles":[],"failureMessages":[],"fullName":"should show invalid form if required field is not filled out","location":null,"status":"passed","title":"should show invalid form if required field is not filled out"}],"endTime":1752069092094,"message":"","name":"C:\\git\\freshtrak-client\\src\\Modules\\Family\\__test__\\addressComponent.test.js","startTime":1752069077828,"status":"passed","summary":""},{"assertionResults":[{"ancestorTitles":["EventContainer"],"failureMessages":[],"fullName":"EventContainer should load without errors","location":null,"status":"passed","title":"should load without errors"},{"ancestorTitles":["EventContainer"],"failureMessages":["Error: Unable to find an element with the text: payment. This could be because the text is broken up by multiple elements. In this case, you can provide a function for your text matcher to make your matcher more flexible.\n\nIgnored nodes: comments, script, style\n\u001b[36m<body>\u001b[39m\n  \u001b[36m<div>\u001b[39m\n    \u001b[36m<div>\u001b[39m\n      \u001b[36m<section\u001b[39m\n        \u001b[33mclass\u001b[39m=\u001b[32m\"gray-bg\"\u001b[39m\n      \u001b[36m>\u001b[39m\n        \u001b[36m<div\u001b[39m\n          \u001b[33mclass\u001b[39m=\u001b[32m\"container pt-150 pb-150\"\u001b[39m\n        \u001b[36m>\u001b[39m\n          \u001b[36m<div\u001b[39m\n            \u001b[33mclass\u001b[39m=\u001b[32m\"search-area text-left\"\u001b[39m\n          \u001b[36m>\u001b[39m\n            \u001b[36m<form>\u001b[39m\n              \u001b[36m<div\u001b[39m\n                \u001b[33mclass\u001b[39m=\u001b[32m\" row align-items-end\"\u001b[39m\n              \u001b[36m>\u001b[39m\n                \u001b[36m<div\u001b[39m\n                  \u001b[33mclass\u001b[39m=\u001b[32m\"col-sm-6 col-md-6 col-lg-7 col-xl-8 search-order-1\"\u001b[39m\n                \u001b[36m>\u001b[39m\n                  \u001b[36m<div\u001b[39m\n                    \u001b[33mclass\u001b[39m=\u001b[32m\"d-flex\"\u001b[39m\n                  \u001b[36m>\u001b[39m\n                    \u001b[36m<div\u001b[39m\n                      \u001b[33mclass\u001b[39m=\u001b[32m\"form-group zip-code\"\u001b[39m\n                    \u001b[36m>\u001b[39m\n                      \u001b[36m<label\u001b[39m\n                        \u001b[33mfor\u001b[39m=\u001b[32m\"zip_code\"\u001b[39m\n                      \u001b[36m>\u001b[39m\n                        \u001b[0mHousehold Zip code\u001b[0m\n                      \u001b[36m</label>\u001b[39m\n                      \u001b[36m<input\u001b[39m\n                        \u001b[33mclass\u001b[39m=\u001b[32m\"form-control zip\"\u001b[39m\n                        \u001b[33mid\u001b[39m=\u001b[32m\"zip_code\"\u001b[39m\n                        \u001b[33mname\u001b[39m=\u001b[32m\"zip_code\"\u001b[39m\n                        \u001b[33mtype\u001b[39m=\u001b[32m\"text\"\u001b[39m\n                        \u001b[33mvalue\u001b[39m=\u001b[32m\"\"\u001b[39m\n                      \u001b[36m/>\u001b[39m\n                    \u001b[36m</div>\u001b[39m\n                    \u001b[36m<input\u001b[39m\n                      \u001b[33mname\u001b[39m=\u001b[32m\"lat\"\u001b[39m\n                      \u001b[33mtype\u001b[39m=\u001b[32m\"hidden\"\u001b[39m\n                      \u001b[33mvalue\u001b[39m=\u001b[32m\"\"\u001b[39m\n                    \u001b[36m/>\u001b[39m\n                    \u001b[36m<input\u001b[39m\n                      \u001b[33mname\u001b[39m=\u001b[32m\"long\"\u001b[39m\n                      \u001b[33mtype\u001b[39m=\u001b[32m\"hidden\"\u001b[39m\n                      \u001b[33mvalue\u001b[39m=\u001b[32m\"\"\u001b[39m\n                    \u001b[36m/>\u001b[39m\n                  \u001b[36m</div>\u001b[39m\n                \u001b[36m</div>\u001b[39m\n                \u001b[36m<div\u001b[39m\n                  \u001b[33mclass\u001b[39m=\u001b[32m\"col-sm-6 col-md-6 col-lg-5 col-xl-4 text-right search-order-3\"\u001b[39m\n                \u001b[36m>\u001b[39m\n                  \u001b[36m<button\u001b[39m\n                    \u001b[33mclass\u001b[39m=\u001b[32m\"btn custom-button search-button\"\u001b[39m\n                    \u001b[33mdataid\u001b[39m=\u001b[32m\"\"\u001b[39m\n                    \u001b[33mid\u001b[39m=\u001b[32m\"search-resource\"\u001b[39m\n                    \u001b[33mname\u001b[39m=\u001b[32m\"searchForResources\"\u001b[39m\n                    \u001b[33mtype\u001b[39m=\u001b[32m\"submit\"\u001b[39m\n                    \u001b[33mvalue\u001b[39m=\u001b[32m\"Search For Resources\"\u001b[39m\n                  \u001b[36m>\u001b[39m\n                    \u001b[0mSearch For Resources\u001b[0m\n                  \u001b[36m</button>\u001b[39m\n                \u001b[36m</div>\u001b[39m\n                \u001b[36m<div\u001b[39m\n                  \u001b[33mclass\u001b[39m=\u001b[32m\"col-12 search-order-2 mt-2\"\u001b[39m\n                \u001b[36m/>\u001b[39m\n              \u001b[36m</div>\u001b[39m\n            \u001b[36m</form>\u001b[39m\n          \u001b[36m</div>\u001b[39m\n          \u001b[36m<mock-event-list-container />\u001b[39m\n        \u001b[36m</div>\u001b[39m\n      \u001b[36m</section>\u001b[39m\n    \u001b[36m</div>\u001b[39m\n  \u001b[36m</div>\u001b[39m\n\u001b[36m</body>\u001b[39m\n    at waitForWrapper (C:\\git\\freshtrak-client\\node_modules\\@testing-library\\dom\\dist\\wait-for.js:166:27)\n    at Object.<anonymous> (C:\\git\\fres
[...]
ch For Resources\u001b[0m\n                  \u001b[36m</button>\u001b[39m\n                \u001b[36m</div>\u001b[39m\n                \u001b[36m<div\u001b[39m\n                  \u001b[33mclass\u001b[39m=\u001b[32m\"col-12 search-order-2 mt-2\"\u001b[39m\n                \u001b[36m/>\u001b[39m\n              \u001b[36m</div>\u001b[39m\n            \u001b[36m</form>\u001b[39m\n          \u001b[36m</div>\u001b[39m\n          \u001b[36m<mock-event-list-container />\u001b[39m\n        \u001b[36m</div>\u001b[39m\n      \u001b[36m</section>\u001b[39m\n    \u001b[36m</div>\u001b[39m\n  \u001b[36m</div>\u001b[39m\n\u001b[36m</body>\u001b[39m\n    at waitForWrapper (C:\\git\\freshtrak-client\\node_modules\\@testing-library\\dom\\dist\\wait-for.js:166:27)\n    at Object.<anonymous> (C:\\git\\freshtrak-client\\src\\Modules\\Events\\__test__\\eventContainer.test.js:99:16)\n    at Promise.then.completed (C:\\git\\freshtrak-client\\node_modules\\jest-circus\\build\\utils.js:391:28)\n    at new Promise (<anonymous>)\n    at callAsyncCircusFn (C:\\git\\freshtrak-client\\node_modules\\jest-circus\\build\\utils.js:316:10)\n    at _callCircusTest (C:\\git\\freshtrak-client\\node_modules\\jest-circus\\build\\run.js:218:40)\n    at _runTest (C:\\git\\freshtrak-client\\node_modules\\jest-circus\\build\\run.js:155:3)\n    at _runTestsForDescribeBlock (C:\\git\\freshtrak-client\\node_modules\\jest-circus\\build\\run.js:66:9)\n    at _runTestsForDescribeBlock (C:\\git\\freshtrak-client\\node_modules\\jest-circus\\build\\run.js:60:9)\n    at run (C:\\git\\freshtrak-client\\node_modules\\jest-circus\\build\\run.js:25:3)\n    at runAndTransformResultsToJestFormat (C:\\git\\freshtrak-client\\node_modules\\jest-circus\\build\\legacy-code-todo-rewrite\\jestAdapterInit.js:170:21)\n    at jestAdapter (C:\\git\\freshtrak-client\\node_modules\\jest-circus\\build\\legacy-code-todo-rewrite\\jestAdapter.js:82:19)\n    at runTestInternal (C:\\git\\freshtrak-client\\node_modules\\jest-runner\\build\\runTest.js:389:16)\n    at runTest (C:\\git\\freshtrak-client\\node_modules\\jest-runner\\build\\runTest.js:475:34)\n    at Object.worker (C:\\git\\freshtrak-client\\node_modules\\jest-runner\\build\\testWorker.js:133:12)"],"fullName":"EventContainer Failed api call","location":null,"status":"failed","title":"Failed api call"}],"endTime":1752069092557,"message":"\u001b[1m\u001b[31m  \u001b[1m● \u001b[22m\u001b[1mEventContainer › Successful api call\u001b[39m\u001b[22m\n\n    Unable to find an element with the text: payment. This could be because the text is broken up by multiple elements. In this case, you can provide a function for your text matcher to make your matcher more flexible.\n\n    Ignored nodes: comments, script, style\n    \u001b[36m<body>\u001b[39m\n      \u001b[36m<div>\u001b[39m\n        \u001b[36m<div>\u001b[39m\n          \u001b[36m<section\u001b[39m\n            \u001b[33mclass\u001b[39m=\u001b[32m\"gray-bg\"\u001b[39m\n          \u001b[36m>\u001b[39m\n            \u001b[36m<div\u001b[39m\n              \u001b[33mclass\u001b[39m=\u001b[32m\"container pt-150 pb-150\"\u001b[39m\n            \u001b[36m>\u001b[39m\n              \u001b[36m<div\u001b[39m\n                \u001b[33mclass\u001b[39m=\u001b[32m\"search-area text-left\"\u001b[39m\n              \u001b[36m>\u001b[39m\n                \u001b[36m<form>\u001b[39m\n                  \u001b[36m<div\u001b[39m\n                    \u001b[33mclass\u001b[39m=\u001b[32m\" row align-items-end\"\u001b[39m\n                  \u001b[36m>\u001b[39m\n                    \u001b[36m<div\u001b[39m\n                      \u001b[33mclass\u001b[39m=\u001b[32m\"col-sm-6 col-md-6 col-lg-7 col-xl-8 search-order-1\"\u001b[39m\n                    \u001b[36m>\u001b[39m\n                      \u001b[36m<div\u001b[39m\n                        \u001b[33mclass\u001b[39m=\u001b[32m\"d-flex\"\u001b[39m\n                      \u001b[36m>\u001b[39m\n                        \u001b[36m<div\u001b[39m\n                          \u001b[33mclass\u001b[39m=\u001b[32m\"form-group zip-code\"\u001b[39m\n                        \u001b[36m>\u001b[39m\n                          \u001b[36m<label\u001b[39m\n                            \u001b[33mfor\u001b[39m=\u001b[32m\"zip_code\"\u001b[39m\n                          \u001b[36m>\u001b[39m\n                            \u001b[0mHousehold Zip code\u001b[0m\n                          \u001b[36m</label>\u001b[39m\n                          \u001b[36m<input\u001b[39m\n                            \u001b[33mclass\u001b[39m=\u001b[32m\"form-control zip\"\u001b[39m\n                            \u001b[33mid\u001b[39m=\u001b[32m\"zip_code\"\u001b[39m\n                            \u001b[33mname\u001b[39m=\u001b[32m\"zip_code\"\u001b[39m\n                            \u001b[33mtype\u001b[39m=\u001b[32m\"text\"\u001b[39m\n                            \u001b[33mvalue\u001b[39m=\u001b[32m\"\"\u001b[39m\n                          \u001b[36m/>\u001b[39m\n                        \u001b[36m</div>\u001b[39m\n                        \u001b[36m<input\u001b[39m\n                          \u001b[33mname\u001b[39m=\u001b[32m\"lat\"\u001b[39m\n                          \u001b[33mtype\u001b[39m=\u001b[32m\"hidden\"\u001b[39m\n                          \u001b[33mvalue\u001b[39m=\u001b[32m\"\"\u001b[39m\n                        \u001b[36m/>\u001b[39m\n                        \u001b[36m<input\u001b[39m\n                          \u001b[33mname\u001b[39m=\u001b[32m\"long\"\u001b[39m\n                          \u001b[33mtype\u001b[39m=\u001b[32m\"hidden\"\u001b[39m\n                          \u001b[33mvalue\u001b[39m=\u001b[32m\"\"\u001b[39m\n                        \u001b[36m/>\u001b[39m\n                      \u001b[36m</div>\u001b[39m\n                    \u001b[36m</div>\u001b[39m\n                    \u001b[36m<div\u001b[39m\n                      \u001b[33mclass\u001b[39m=\u001b[32m\"col-sm-6 col-md-6 col-lg-5 col-xl-4 text-right search-order-3\"\u001b[39m\n                    \u001b[36m>\u001b[39m\n                      \u001b[36m<button\u001b[39m\n                        \u001b[33mclass\u001b[39m=\u001b[32m\"btn custom-button search-button\"\u001b[39m\n                        \u001b[33mdataid\u001b[39m=\u001b[32m\"\"\u001b[39m\n                        \u001b[33mid\u001b[39m=\u001b[32m\"search-resource\"\u001b[39m\n                        \u001b[33mname\u001b[39m=\u001b[32m\"searchForResources\"\u001b[39m\n                        \u001b[33mtype\u001b[39m=\u001b[32m\"submit\"\u001b[39m\n                        \u001b[33mvalue\u001b[39m=\u001b[32m\"Search For Resources\"\u001b[39m\n                      \u001b[36m>\u001b[39m\n                        \u001b[0mSearch For Resources\u001b[0m\n                      \u001b[36m</button>\u001b[39m\n                    \u001b[36m</div>\u001b[39m\n                    \u001b[36m<div\u001b[39m\n                      \u001b[33mclass\u001b[39m=\u001b[32m\"col-12 search-order-2 mt-2\"\u001b[39m\n                    \u001b[36m/>\u001b[39m\n                  \u001b[36m</div>\u001b[39m\n                \u001b[36m</form>\u001b[39m\n              \u001b[36m</div>\u001b[39m\n              \u001b[36m<mock-event-list-container />\u001b[39m\n            \u001b[36m</div>\u001b[39m\n          \u001b[36m</section>\u001b[39m\n        \u001b[36m</div>\u001b[39m\n      \u001b[36m</div>\u001b[39m\n    \u001b[36m</body>\u001b[39m\n\u001b[2m\u001b[22m\n\u001b[2m    \u001b[0m \u001b[90m 83 |\u001b[39m \t\t\t\u001b[33m<\u001b[39m\u001b[33m/\u001b[39m\u001b[33mProvider\u001b[39m\u001b[33m>\u001b[39m\u001b[22m\n\u001b[2m     \u001b[90m 84 |\u001b[39m \t\t)\u001b[33m;\u001b[39m\u001b[22m\n\u001b[2m    \u001b[31m\u001b[1m>\u001b[22m\u001b[2m\u001b[39m\u001b[90m 85 |\u001b[39m \t\t\u001b[36mawait\u001b[39m waitFor(() \u001b[33m=>\u001b[39m {\u001b[22m\n\u001b[2m     \u001b[90m    |\u001b[39m \t\t             \u001b[31m\u001b[1m^\u001b[22m\u001b[2m\u001b[39m\u001b[22m\n\u001b[2m     \u001b[90m 86 |\u001b[39m \t\t\tgetByText(mockFoodBank\u001b[33m.\u001b[39mname)\u001b[33m;\u001b[39m\u001b[22m\n\u001b[2m     \u001b[90m 87 |\u001b[39m \t\t})\u001b[33m;\u001b[39m\u001b[22m\n\u001b[2m     \u001b[90m 88 |\u001b[39m \t})\u001b[33m;\u001b[39m\u001b[0m\u001b[22m\n\u001b[2m\u001b[22m\n\u001b[2m      \u001b[2mat waitForWrapper (\u001b[22m\u001b[2mnode_modules/@testing-library/dom/dist/wait-for.js\u001b[2m:166:27)\u001b[22m\u001b[2m\u001b[22m\n\u001b[2m      \u001b[2mat Object.<anonymous> (\u001b[22m\u001b[2m\u001b[0m\u001b[36msrc/Modules/Events/__test__/eventContainer.test.js\u001b[39m\u001b[0m\u001b[2m:85:16)\u001b[22m\u001b[2m\u001b[22m\n\n\u001b[1m\u001b[31m  \u001b[1m● \u001b[22m\u001b[1mEventContainer › Failed api call\u001b[39m\u001b[22m\n\n    Unable to find an element with the text: /something went wrong/i. This could be because the text is broken up by multiple elements. In this case, you can provide a function for your text matcher to make your matcher more flexible.\n\n    Ignored nodes: comments, script, style\n    \u001b[36m<body>\u001b[39m\n      \u001b[36m<div>\u001b[39m\n        \u001b[36m<div>\u001b[39m\n          \u001b[36m<section\u001b[39m\n            \u001b[33mclass\u001b[39m=\u001b[32m\"gray-bg\"\u001b[39m\n          \u001b[36m>\u001b[39m\n            \u001b[36m<div\u001b[39m\n              \u001b[33mclass\u001b[39m=\u001b[32m\"container pt-150 pb-150\"\u001b[39m\n            \u001b[36m>\u001b[39m\n              \u001b[36m<div\u001b[39m\n                \u001b[33mclass\u001b[39m=\u001b[32m\"search-area text-left\"\u001b[39m\n              \u001b[36m>\u001b[39m\n                \u001b[36m<form>\u001b[39m\n                  \u001b[36m<div\u001b[39m\n                    \u001b[33mclass\u001b[39m=\u001b[32m\" row align-items-end\"\u001b[39m\n                  \u001b[36m>\u001b[39m\n                    \u001b[36m<div\u001b[39m\n                      \u001b[33mclass\u001b[39m=\u001b[32m\"col-sm-6 col-md-6 col-lg-7 col-xl-8 search-order-1\"\u001b[39m\n                    \u001b[36m>\u001b[39m\n                      \u001b[36m<div\u001b[39m\n                        \u001b[33mclass\u001b[39m=\u001b[32m\"d-flex\"\u001b[39m\n                      \u001b[36m>\u001b[39m\n                        \u001b[36m<div\u001b[39m\n                          \u001b[33mclass\u001b[39m=\u001b[32m\"form-group zip-code\"\u001b[39m\n                        \u001b[36m>\u001b[39m\n                          \u001b[36m<label\u001b[39m\n                            \u001b[33mfor\u001b[39m=\u001b[32m\"zip_code\"\u001b[39m\n                          \u001b[36m>\u001b[39m\n                            \u001b[0mHousehold Zip code\u001b[0m\n                          \u001b[36m</label>\u001b[39m\n                          \u001b[36m<input\u001b[39m\n                            \u001b[33mclass\u001b[39m=\u001b[32m\"form-control zip\"\u001b[39m\n                            \u001b[33mid\u001b[39m=\u001b[32m\"zip_code\"\u001b[39m\n                            \u001b[33mname\u001b[39m=\u001b[32m\"zip_code\"\u001b[39m\n                            \u001b[33mtype\u001b[39m=\u001b[32m\"text\"\u001b[39m\n                            \u001b[33mvalue\u001b[39m=\u001b[32m\"\"\u001b[39m\n                          \u001b[36m/>\u001b[39m\n                        \u001b[36m</div>\u001b[39m\n                        \u001b[36m<input\u001b[39m\n                          \u001b[33mname\u001b[39m=\u001b[32m\"lat\"\u001b[39m\n                          \u001b[33mtype\u001b[39m=\u001b[32m\"hidden\"\u001b[39m\n                          \u001b[33mvalue\u001b[39m=\u001b[32m\"\"\u001b[39m\n                        \u001b[36m/>\u001b[39m\n                        \u001b[36m<input\u001b[39m\n                          \u001b[33mname\u001b[39m=\u001b[32m\"long\"\u001b[39m\n                          \u001b[33mtype\u001b[39m=\u001b[32m\"hidden\"\u001b[39m\n                          \u001b[33mvalue\u001b[39m=\u001b[32m\"\"\u001b[39m\n                        \u001b[36m/>\u001b[39m\n                      \u001b[36m</div>\u001b[39m\n                    \u001b[36m</div>\u001b[39m\n                    \u001b[36m<div\u001b[39m\n                      \u001b[33mclass\u001b[39m=\u001b[32m\"col-sm-6 col-md-6 col-lg-5 col-xl-4 text-right search-order-3\"\u001b[39m\n                    \u001b[36m>\u001b[39m\n                      \u001b[36m<button\u001b[39m\n                        \u001b[33mclass\u001b[39m=\u001b[32m\"btn custom-button search-button\"\u001b[39m\n                        \u001b[33mdataid\u001b[39m=\u001b[32m\"\"\u001b[39m\n                        \u001b[33mid\u001b[39m=\u001b[32m\"search-resource\"\u001b[39m\n                        \u001b[33mname\u001b[39m=\u001b[32m\"searchForResources\"\u001b[39m\n                        \u001b[33mtype\u001b[39m=\u001b[32m\"submit\"\u001b[39m\n                        \u001b[33mvalue\u001b[39m=\u001b[32m\"Search For Resources\"\u001b[39m\n                      \u001b[36m>\u001b[39m\n                        \u001b[0mSearch For Resources\u001b[0m\n                      \u001b[36m</button>\u001b[39m\n                    \u001b[36m</div>\u001b[39m\n                    \u001b[36m<div\u001b[39m\n                      \u001b[33mclass\u001b[39m=\u001b[32m\"col-12 search-order-2 mt-2\"\u001b[39m\n                    \u001b[36m/>\u001b[39m\n                  \u001b[36m</div>\u001b[39m\n                \u001b[36m</form>\u001b[39m\n              \u001b[36m</div>\u001b[39m\n              \u001b[36m<mock-event-list-container />\u001b[39m\n            \u001b[36m</div>\u001b[39m\n          \u001b[36m</section>\u001b[39m\n        \u001b[36m</div>\u001b[39m\n      \u001b[36m</div>\u001b[39m\n    \u001b[36m</body>\u001b[39m\n\u001b[2m\u001b[22m\n\u001b[2m    \u001b[0m \u001b[90m  97 |\u001b[39m \t\t\t\u001b[33m<\u001b[39m\u001b[33m/\u001b[39m\u001b[33mProvider\u001b[39m\u001b[33m>\u001b[39m\u001b[22m\n\u001b[2m     \u001b[90m  98 |\u001b[39m \t\t)\u001b[33m;\u001b[39m\u001b[22m\n\u001b[2m    \u001b[31m\u001b[1m>\u001b[22m\u001b[2m\u001b[39m\u001b[90m  99 |\u001b[39m \t\t\u001b[36mawait\u001b[39m waitFor(() \u001b[33m=>\u001b[39m {\u001b[22m\n\u001b[2m     \u001b[90m     |\u001b[39m \t\t             \u001b[31m\u001b[1m^\u001b[22m\u001b[2m\u001b[39m\u001b[22m\n\u001b[2m     \u001b[90m 100 |\u001b[39m \t\t\tgetByText(\u001b[35m/something went wrong/i\u001b[39m)\u001b[33m;\u001b[39m\u001b[22m\n\u001b[2m     \u001b[90m 101 |\u001b[39m \t\t})\u001b[33m;\u001b[39m\u001b[22m\n\u001b[2m     \u001b[90m 102 |\u001b[39m \t})\u001b[33m;\u001b[39m\u001b[0m\u001b[22m\n\u001b[2m\u001b[22m\n\u001b[2m      \u001b[2mat waitForWrapper (\u001b[22m\u001b[2mnode_modules/@testing-library/dom/dist/wait-for.js\u001b[2m:166:27)\u001b[22m\u001b[2m\u001b[22m\n\u001b[2m      \u001b[2mat Object.<anonymous> (\u001b[22m\u001b[2m\u001b[0m\u001b[36msrc/Modules/Events/__test__/eventContainer.test.js\u001b[39m\u001b[0m\u001b[2m:99:16)\u001b[22m\u001b[2m\u001b[22m\n","name":"C:\\git\\freshtrak-client\\src\\Modules\\Events\\__test__\\eventContainer.test.js","startTime":1752069066699,"status":"failed","summary":""},{"assertionResults":[{"ancestorTitles":[],"failureMessages":[],"fullName":"should render without errors","location":null,"status":"passed","title":"should render without errors"},{"ancestorTitles":[],"failureMessages":[],"fullName":"should render 'Find food resources...' if location is not the event list url","location":null,"status":"passed","title":"should render 'Find food resources...' if location is not the event list url"},{"ancestorTitles":[],"failureMessages":[],"fullName":"should render 'Resource Events in zip...' if location is the event list url","location":null,"status":"passed","title":"should render 'Resource Events in zip...' if location is the event list url"}],"endTime":1752069092855,"message":"","name":"C:\\git\\freshtrak-client\\src\\Modules\\Header\\__test__\\headerDataComponent.test.js","startTime":1752069078261,"status":"passed","summary":""},{"assertionResults":[{"ancestorTitles":[],"failureMessages":[],"fullName":"should handle bad or empty data","location":null,"status":"passed","title":"should handle bad or empty data"},{"ancestorTitles":[],"failureMessages":[],"fullName":"should return an array of events","location":null,"status":"passed","title":"should return an array of events"},{"ancestorTitles":[],"failureMessages":[],"fullName":"should return an array of events with multiple agencies and one with no events","location":null,"status":"passed","title":"should return an array of events with multiple agencies and one with no events"},{"ancestorTitles":[],"failureMessages":[],"fullName":"should return an array of events with multiple agencies and multiple events","location":null,"status":"passed","title":"should return an array of events with multiple agencies and multiple events"},{"ancestorTitles":[],"failureMessages":[],"fullName":"should sort events into dates","location":null,"status":"passed","title":"should sort events into dates"},{"ancestorTitles":[],"failureMessages":[],"fullName":"should return a final object sorted by events_date's date and distance","location":null,"status":"passed","title":"should return a final object sorted by events_date's date and distance"}],"endTime":1752069092977,"message":"","name":"C:\\git\\freshtrak-client\\src\\Utils\\__test__\\EventHandler.test.js","startTime":1752069079077,"status":"passed","summary":""},{"assertionResults":[{"ancestorTitles":[],"failureMessages":[],"fullName":"should render without errors","location":null,"status":"passed","title":"should render without errors"},{"ancestorTitles":[],"failureMessages":[],"fullName":"should show loading till fake data comes","location":null,"status":"passed","title":"should show loading till fake data comes"}],"endTime":1752069093629,"message":"","name":"C:\\git\\freshtrak-client\\src\\Modules\\Family\\__test__\\editFamilyContainer.test.js","startTime":1752069066794,"status":"passed","summary":""},{"assertionResults":[{"ancestorTitles":[],"failureMessages":[],"fullName":"should show error an invalid submit","location":null,"status":"passed","title":"should show error an invalid submit"}],"endTime":1752069095134,"message":"","name":"C:\\git\\freshtrak-client\\src\\Modules\\General\\__test__\\searchComponent.test.js","startTime":1752069088610,"status":"passed","summary":""},{"assertionResults":[{"ancestorTitles":[],"failureMessages":[],"fullName":"should render without error","location":null,"status":"passed","title":"should render without error"}],"endTime":1752069095854,"message":"","name":"C:\\git\\freshtrak-client\\src\\Modules\\Family\\__test__\\primaryInfoFormComponent.test.js","startTime":1752069087738,"status":"passed","summary":""},{"assertionResults":[{"ancestorTitles":[],"failureMessages":[],"fullName":"should render without error","location":null,"status":"passed","title":"should render without error"},{"ancestorTitles":[],"failureMessages":[],"fullName":"should not allow member count to go below zero","location":null,"status":"passed","title":"should not allow member count to go below zero"}],"endTime":1752069096135,"message":"","name":"C:\\git\\freshtrak-client\\src\\Modules\\Family\\__test__\\memberCountFormComponent.test.js","startTime":1752069087990,"status":"passed","summary":""},{"assertionResults":[{"ancestorTitles":[],"failureMessages":[],"fullName":"should display the fb_texts data","location":null,"status":"passed","title":"should display the fb_texts data"}],"endTime":1752069096260,"message":"","name":"C:\\git\\freshtrak-client\\src\\Modules\\General\\__test__\\foodbanktextComponent.test.js","startTime":1752069088559,"status":"passed","summary":""},{"assertionResults":[{"ancestorTitles":[],"failureMessages":[],"fullName":"should load without errors","location":null,"status":"passed","title":"should load without errors"}],"endTime":1752069096532,"message":"","name":"C:\\git\\freshtrak-client\\src\\Modules\\Family\\__test__\\eventSlotsModalComponent.test.js","startTime":1752069088485,"status":"passed","summary":""}],"wasInterrupted":false}